{"meta": {"format": 3, "version": "7.10.7", "timestamp": "2025-11-18T14:39:08.227313", "branch_coverage": false, "show_contexts": false}, "files": {"app/__init__.py": {"executed_lines": [1, 2, 4, 5, 6, 7, 8, 9, 10, 12, 13, 14, 15, 16, 17, 20, 21, 22, 23, 31, 32, 34, 35, 36, 39, 40, 41, 43, 44, 48, 49, 50, 51, 52, 53, 57, 61, 62, 63, 64, 65, 66, 71, 72, 73, 74, 75, 76, 77, 78, 79, 80, 81, 82, 83, 84, 88, 89, 91, 92, 93, 94, 95, 96, 97, 100, 101, 102, 105, 106, 107, 110, 116, 118, 120, 121, 123, 131, 133, 136, 137, 138, 139, 141, 142, 143, 148, 153, 154, 155, 156, 157, 158, 159, 160, 168, 169, 170, 171, 172, 174, 175, 176, 179, 187, 189, 190, 191, 192, 193, 194, 195, 196, 209, 210, 211, 212, 213, 214, 215, 216, 217, 218, 220, 221, 222, 223, 225, 226, 231, 232, 233, 234, 236, 237, 242, 243, 244, 245, 247, 248, 249, 255, 260, 261, 262, 264, 265, 267, 269, 270, 277, 280, 305, 306, 307, 308, 309, 310, 311, 323], "summary": {"covered_lines": 161, "num_statements": 212, "percent_covered": 75.94339622641509, "percent_covered_display": "76", "missing_lines": 51, "excluded_lines": 0}, "missing_lines": [33, 42, 54, 67, 90, 144, 145, 146, 147, 161, 162, 163, 164, 165, 166, 167, 227, 228, 229, 238, 239, 240, 250, 251, 252, 253, 254, 256, 257, 258, 263, 271, 281, 282, 283, 284, 285, 287, 289, 290, 291, 292, 293, 294, 295, 297, 299, 300, 301, 302, 303], "excluded_lines": [], "functions": {"create_app": {"executed_lines": [21, 22, 23, 31, 32, 34, 35, 36, 39, 40, 41, 43, 44, 48, 49, 50, 51, 52, 53, 57, 61, 62, 63, 64, 65, 66, 71, 72, 73, 74, 75, 76, 77, 78, 79, 80, 81, 82, 83, 84, 88, 89, 91, 92, 93, 94, 95, 96, 97, 100, 101, 102, 105, 106, 107, 110, 116, 118, 120, 121, 123, 131, 133, 136, 137, 138, 139, 141, 142, 153, 154, 155, 156, 157, 158, 159, 160, 168, 169, 170, 171, 172, 174, 175, 176, 179, 187, 189, 190, 191, 192, 193, 194, 195, 196, 209, 210, 211, 212, 213, 214, 215, 216, 217, 218, 220, 221, 231, 232, 242, 243, 260, 261, 305, 306, 323], "summary": {"covered_lines": 116, "num_statements": 128, "percent_covered": 90.625, "percent_covered_display": "91", "missing_lines": 12, "excluded_lines": 0}, "missing_lines": [33, 42, 54, 67, 90, 161, 162, 163, 164, 165, 166, 167], "excluded_lines": []}, "create_app.add_cache_headers": {"executed_lines": [143, 148], "summary": {"covered_lines": 2, "num_statements": 6, "percent_covered": 33.333333333333336, "percent_covered_display": "33", "missing_lines": 4, "excluded_lines": 0}, "missing_lines": [144, 145, 146, 147], "excluded_lines": []}, "create_app.inject_maintenance_mode": {"executed_lines": [222, 223, 225, 226], "summary": {"covered_lines": 4, "num_statements": 7, "percent_covered": 57.142857142857146, "percent_covered_display": "57", "missing_lines": 3, "excluded_lines": 0}, "missing_lines": [227, 228, 229], "excluded_lines": []}, "create_app.inject_support_enabled": {"executed_lines": [233, 234, 236, 237], "summary": {"covered_lines": 4, "num_statements": 7, "percent_covered": 57.142857142857146, "percent_covered_display": "57", "missing_lines": 3, "excluded_lines": 0}, "missing_lines": [238, 239, 240], "excluded_lines": []}, "create_app.inject_temp_access": {"executed_lines": [244, 245, 247, 248, 249, 255], "summary": {"covered_lines": 6, "num_statements": 14, "percent_covered": 42.857142857142854, "percent_covered_display": "43", "missing_lines": 8, "excluded_lines": 0}, "missing_lines": [250, 251, 252, 253, 254, 256, 257, 258], "excluded_lines": []}, "create_app.check_maintenance_mode": {"executed_lines": [262, 264, 265, 267, 269, 270, 277, 280], "summary": {"covered_lines": 8, "num_statements": 29, "percent_covered": 27.586206896551722, "percent_covered_display": "28", "missing_lines": 21, "excluded_lines": 0}, "missing_lines": [263, 271, 281, 282, 283, 284, 285, 287, 289, 290, 291, 292, 293, 294, 295, 297, 299, 300, 301, 302, 303], "excluded_lines": []}, "create_app.not_found": {"executed_lines": [307, 308, 309, 310, 311], "summary": {"covered_lines": 5, "num_statements": 5, "percent_covered": 100.0, "percent_covered_display": "100", "missing_lines": 0, "excluded_lines": 0}, "missing_lines": [], "excluded_lines": []}, "": {"executed_lines": [1, 2, 4, 5, 6, 7, 8, 9, 10, 12, 13, 14, 15, 16, 17, 20], "summary": {"covered_lines": 16, "num_statements": 16, "percent_covered": 100.0, "percent_covered_display": "100", "missing_lines": 0, "excluded_lines": 0}, "missing_lines": [], "excluded_lines": []}}, "classes": {"": {"executed_lines": [1, 2, 4, 5, 6, 7, 8, 9, 10, 12, 13, 14, 15, 16, 17, 20, 21, 22, 23, 31, 32, 34, 35, 36, 39, 40, 41, 43, 44, 48, 49, 50, 51, 52, 53, 57, 61, 62, 63, 64, 65, 66, 71, 72, 73, 74, 75, 76, 77, 78, 79, 80, 81, 82, 83, 84, 88, 89, 91, 92, 93, 94, 95, 96, 97, 100, 101, 102, 105, 106, 107, 110, 116, 118, 120, 121, 123, 131, 133, 136, 137, 138, 139, 141, 142, 143, 148, 153, 154, 155, 156, 157, 158, 159, 160, 168, 169, 170, 171, 172, 174, 175, 176, 179, 187, 189, 190, 191, 192, 193, 194, 195, 196, 209, 210, 211, 212, 213, 214, 215, 216, 217, 218, 220, 221, 222, 223, 225, 226, 231, 232, 233, 234, 236, 237, 242, 243, 244, 245, 247, 248, 249, 255, 260, 261, 262, 264, 265, 267, 269, 270, 277, 280, 305, 306, 307, 308, 309, 310, 311, 323], "summary": {"covered_lines": 161, "num_statements": 212, "percent_covered": 75.94339622641509, "percent_covered_display": "76", "missing_lines": 51, "excluded_lines": 0}, "missing_lines": [33, 42, 54, 67, 90, 144, 145, 146, 147, 161, 162, 163, 164, 165, 166, 167, 227, 228, 229, 238, 239, 240, 250, 251, 252, 253, 254, 256, 257, 258, 263, 271, 281, 282, 283, 284, 285, 287, 289, 290, 291, 292, 293, 294, 295, 297, 299, 300, 301, 302, 303], "excluded_lines": []}}}, "app/forms.py": {"executed_lines": [1, 2, 13, 23, 24, 28, 34, 38, 39, 40, 43, 47, 49, 51, 57, 61, 62, 63, 66, 67, 68, 69, 72, 73, 82, 91, 92, 95, 96, 98, 99, 100, 108, 109, 118, 127, 128, 131, 132, 133, 134, 136, 146, 147, 154, 157, 158, 165, 168, 169, 176, 183, 190, 193, 194, 195, 201, 204, 205, 206, 207, 210, 211, 212, 213, 222, 225, 226, 227, 228, 231, 232, 235, 238, 239, 240, 243, 244, 255, 265, 266, 269, 270, 281, 282, 283, 286, 287, 288, 289, 292, 293, 294, 295, 297, 300, 307, 308, 309, 312, 322, 323, 324, 325], "summary": {"covered_lines": 104, "num_statements": 112, "percent_covered": 92.85714285714286, "percent_covered_display": "93", "missing_lines": 8, "excluded_lines": 0}, "missing_lines": [48, 50, 52, 137, 138, 298, 301, 304], "excluded_lines": [], "functions": {"validate_allowed_email_domain": {"executed_lines": [38, 39, 40], "summary": {"covered_lines": 3, "num_statements": 3, "percent_covered": 100.0, "percent_covered_display": "100", "missing_lines": 0, "excluded_lines": 0}, "missing_lines": [], "excluded_lines": []}, "validate_username_characters": {"executed_lines": [47, 49, 51], "summary": {"covered_lines": 3, "num_statements": 6, "percent_covered": 50.0, "percent_covered_display": "50", "missing_lines": 3, "excluded_lines": 0}, "missing_lines": [48, 50, 52], "excluded_lines": []}, "validate_username_allowed": {"executed_lines": [61, 62, 63], "summary": {"covered_lines": 3, "num_statements": 3, "percent_covered": 100.0, "percent_covered_display": "100", "missing_lines": 0, "excluded_lines": 0}, "missing_lines": [], "excluded_lines": []}, "RegistrationForm.__init__": {"executed_lines": [99, 100], "summary": {"covered_lines": 2, "num_statements": 2, "percent_covered": 100.0, "percent_covered_display": "100", "missing_lines": 0, "excluded_lines": 0}, "missing_lines": [], "excluded_lines": []}, "AdminUserForm.__init__": {"executed_lines": [], "summary": {"covered_lines": 0, "num_statements": 2, "percent_covered": 0.0, "percent_covered_display": "0", "missing_lines": 2, "excluded_lines": 0}, "missing_lines": [137, 138], "excluded_lines": []}, "SubjectGroupForm.__init__": {"executed_lines": [], "summary": {"covered_lines": 0, "num_statements": 1, "percent_covered": 0.0, "percent_covered_display": "0", "missing_lines": 1, "excluded_lines": 0}, "missing_lines": [298], "excluded_lines": []}, "SubjectGroupForm.populate_choices": {"executed_lines": [], "summary": {"covered_lines": 0, "num_statements": 2, "percent_covered": 0.0, "percent_covered_display": "0", "missing_lines": 2, "excluded_lines": 0}, "missing_lines": [301, 304], "excluded_lines": []}, "": {"executed_lines": [1, 2, 13, 23, 24, 28, 34, 43, 57, 66, 67, 68, 69, 72, 73, 82, 91, 92, 95, 96, 98, 108, 109, 118, 127, 128, 131, 132, 133, 134, 136, 146, 147, 154, 157, 158, 165, 168, 169, 176, 183, 190, 193, 194, 195, 201, 204, 205, 206, 207, 210, 211, 212, 213, 222, 225, 226, 227, 228, 231, 232, 235, 238, 239, 240, 243, 244, 255, 265, 266, 269, 270, 281, 282, 283, 286, 287, 288, 289, 292, 293, 294, 295, 297, 300, 307, 308, 309, 312, 322, 323, 324, 325], "summary": {"covered_lines": 93, "num_statements": 93, "percent_covered": 100.0, "percent_covered_display": "100", "missing_lines": 0, "excluded_lines": 0}, "missing_lines": [], "excluded_lines": []}}, "classes": {"LoginForm": {"executed_lines": [], "summary": {"covered_lines": 0, "num_statements": 0, "percent_covered": 100.0, "percent_covered_display": "100", "missing_lines": 0, "excluded_lines": 0}, "missing_lines": [], "excluded_lines": []}, "RegistrationForm": {"executed_lines": [99, 100], "summary": {"covered_lines": 2, "num_statements": 2, "percent_covered": 100.0, "percent_covered_display": "100", "missing_lines": 0, "excluded_lines": 0}, "missing_lines": [], "excluded_lines": []}, "AdminUserForm": {"executed_lines": [], "summary": {"covered_lines": 0, "num_statements": 2, "percent_covered": 0.0, "percent_covered_display": "0", "missing_lines": 2, "excluded_lines": 0}, "missing_lines": [137, 138], "excluded_lines": []}, "EmailVerificationForm": {"executed_lines": [], "summary": {"covered_lines": 0, "num_statements": 0, "percent_covered": 100.0, "percent_covered_display": "100", "missing_lines": 0, "excluded_lines": 0}, "missing_lines": [], "excluded_lines": []}, "PasswordResetRequestForm": {"executed_lines": [], "summary": {"covered_lines": 0, "num_statements": 0, "percent_covered": 100.0, "percent_covered_display": "100", "missing_lines": 0, "excluded_lines": 0}, "missing_lines": [], "excluded_lines": []}, "PasswordResetForm": {"executed_lines": [], "summary": {"covered_lines": 0, "num_statements": 0, "percent_covered": 100.0, "percent_covered_display": "100", "missing_lines": 0, "excluded_lines": 0}, "missing_lines": [], "excluded_lines": []}, "MaterialForm": {"executed_lines": [], "summary": {"covered_lines": 0, "num_statements": 0, "percent_covered": 100.0, "percent_covered_display": "100", "missing_lines": 0, "excluded_lines": 0}, "missing_lines": [], "excluded_lines": []}, "SubjectForm": {"executed_lines": [], "summary": {"covered_lines": 0, "num_statements": 0, "percent_covered": 100.0, "percent_covered_display": "100", "missing_lines": 0, "excluded_lines": 0}, "missing_lines": [], "excluded_lines": []}, "SubmissionForm": {"executed_lines": [], "summary": {"covered_lines": 0, "num_statements": 0, "percent_covered": 100.0, "percent_covered_display": "100", "missing_lines": 0, "excluded_lines": 0}, "missing_lines": [], "excluded_lines": []}, "SubscriptionForm": {"executed_lines": [], "summary": {"covered_lines": 0, "num_statements": 0, "percent_covered": 100.0, "percent_covered_display": "100", "missing_lines": 0, "excluded_lines": 0}, "missing_lines": [], "excluded_lines": []}, "PaymentStatusForm": {"executed_lines": [], "summary": {"covered_lines": 0, "num_statements": 0, "percent_covered": 100.0, "percent_covered_display": "100", "missing_lines": 0, "excluded_lines": 0}, "missing_lines": [], "excluded_lines": []}, "TicketForm": {"executed_lines": [], "summary": {"covered_lines": 0, "num_statements": 0, "percent_covered": 100.0, "percent_covered_display": "100", "missing_lines": 0, "excluded_lines": 0}, "missing_lines": [], "excluded_lines": []}, "GroupForm": {"executed_lines": [], "summary": {"covered_lines": 0, "num_statements": 0, "percent_covered": 100.0, "percent_covered_display": "100", "missing_lines": 0, "excluded_lines": 0}, "missing_lines": [], "excluded_lines": []}, "SolutionForm": {"executed_lines": [], "summary": {"covered_lines": 0, "num_statements": 0, "percent_covered": 100.0, "percent_covered_display": "100", "missing_lines": 0, "excluded_lines": 0}, "missing_lines": [], "excluded_lines": []}, "SubjectGroupForm": {"executed_lines": [], "summary": {"covered_lines": 0, "num_statements": 3, "percent_covered": 0.0, "percent_covered_display": "0", "missing_lines": 3, "excluded_lines": 0}, "missing_lines": [298, 301, 304], "excluded_lines": []}, "SiteSettingsForm": {"executed_lines": [], "summary": {"covered_lines": 0, "num_statements": 0, "percent_covered": 100.0, "percent_covered_display": "100", "missing_lines": 0, "excluded_lines": 0}, "missing_lines": [], "excluded_lines": []}, "": {"executed_lines": [1, 2, 13, 23, 24, 28, 34, 38, 39, 40, 43, 47, 49, 51, 57, 61, 62, 63, 66, 67, 68, 69, 72, 73, 82, 91, 92, 95, 96, 98, 108, 109, 118, 127, 128, 131, 132, 133, 134, 136, 146, 147, 154, 157, 158, 165, 168, 169, 176, 183, 190, 193, 194, 195, 201, 204, 205, 206, 207, 210, 211, 212, 213, 222, 225, 226, 227, 228, 231, 232, 235, 238, 239, 240, 243, 244, 255, 265, 266, 269, 270, 281, 282, 283, 286, 287, 288, 289, 292, 293, 294, 295, 297, 300, 307, 308, 309, 312, 322, 323, 324, 325], "summary": {"covered_lines": 102, "num_statements": 105, "percent_covered": 97.14285714285714, "percent_covered_display": "97", "missing_lines": 3, "excluded_lines": 0}, "missing_lines": [48, 50, 52], "excluded_lines": []}}}, "app/models.py": {"executed_lines": [1, 2, 5, 7, 10, 11, 12, 13, 14, 15, 16, 17, 24, 25, 28, 29, 30, 31, 32, 33, 35, 39, 40, 41, 42, 43, 44, 45, 46, 47, 48, 49, 50, 51, 52, 53, 54, 55, 58, 61, 68, 72, 73, 75, 76, 78, 79, 81, 95, 110, 113, 119, 120, 121, 124, 125, 127, 130, 131, 132, 133, 134, 135, 136, 137, 138, 143, 146, 147, 148, 150, 151, 152, 155, 157, 158, 164, 165, 166, 169, 170, 171, 172, 173, 174, 175, 177, 180, 181, 191, 192, 198, 199, 200, 201, 202, 203, 204, 205, 208, 216, 217, 218, 219, 220, 221, 222, 223, 224, 227, 228, 229, 236, 237, 255, 256, 257, 258, 259, 260, 261, 264, 265, 266, 267, 268, 269, 270, 271, 272, 273, 277, 281, 282, 283, 284, 285, 286, 287, 288, 289, 294, 300, 301, 302, 303, 304, 305, 306, 307, 310, 311, 312, 313, 314, 315, 318, 322, 326, 327, 328, 329, 330, 331, 332, 333, 335, 339, 340, 341, 342, 343, 344, 345, 346, 347, 349, 353, 354, 355, 356, 357, 358, 359, 360, 361, 363, 367, 368, 369, 370, 371, 372, 374, 377, 378, 379, 380, 382, 383, 384, 385, 386, 387, 388, 389, 390, 398, 399, 400, 403, 404, 405, 406, 411, 415, 416, 417, 418, 419, 420, 424, 427, 428, 429, 430, 431, 433, 434, 436, 437, 438, 439, 444, 445, 446, 447, 450, 451, 452, 453, 454, 455, 456, 457, 458, 459, 460, 461, 463, 466, 467], "summary": {"covered_lines": 252, "num_statements": 317, "percent_covered": 79.49526813880126, "percent_covered_display": "79", "missing_lines": 65, "excluded_lines": 0}, "missing_lines": [36, 82, 84, 85, 86, 87, 93, 96, 97, 98, 99, 101, 108, 111, 114, 116, 117, 144, 178, 182, 184, 185, 186, 189, 193, 194, 195, 239, 242, 245, 247, 249, 252, 278, 295, 323, 336, 350, 364, 375, 391, 392, 393, 394, 395, 412, 425, 432, 440, 441, 442, 464, 476, 477, 478, 486, 487, 489, 490, 491, 492, 493, 494, 495, 496], "excluded_lines": [], "functions": {"Group.__repr__": {"executed_lines": [25], "summary": {"covered_lines": 1, "num_statements": 1, "percent_covered": 100.0, "percent_covered_display": "100", "missing_lines": 0, "excluded_lines": 0}, "missing_lines": [], "excluded_lines": []}, "SubjectGroup.__repr__": {"executed_lines": [], "summary": {"covered_lines": 0, "num_statements": 1, "percent_covered": 0.0, "percent_covered_display": "0", "missing_lines": 1, "excluded_lines": 0}, "missing_lines": [36], "excluded_lines": []}, "User.is_effective_admin": {"executed_lines": [73], "summary": {"covered_lines": 1, "num_statements": 1, "percent_covered": 100.0, "percent_covered_display": "100", "missing_lines": 0, "excluded_lines": 0}, "missing_lines": [], "excluded_lines": []}, "User.can_manage_materials": {"executed_lines": [76], "summary": {"covered_lines": 1, "num_statements": 1, "percent_covered": 100.0, "percent_covered_display": "100", "missing_lines": 0, "excluded_lines": 0}, "missing_lines": [], "excluded_lines": []}, "User.can_see_all_subjects": {"executed_lines": [79], "summary": {"covered_lines": 1, "num_statements": 1, "percent_covered": 100.0, "percent_covered_display": "100", "missing_lines": 0, "excluded_lines": 0}, "missing_lines": [], "excluded_lines": []}, "User.get_accessible_subjects": {"executed_lines": [], "summary": {"covered_lines": 0, "num_statements": 6, "percent_covered": 0.0, "percent_covered_display": "0", "missing_lines": 6, "excluded_lines": 0}, "missing_lines": [82, 84, 85, 86, 87, 93], "excluded_lines": []}, "User.can_add_materials_to_subject": {"executed_lines": [], "summary": {"covered_lines": 0, "num_statements": 6, "percent_covered": 0.0, "percent_covered_display": "0", "missing_lines": 6, "excluded_lines": 0}, "missing_lines": [96, 97, 98, 99, 101, 108], "excluded_lines": []}, "User.can_manage_subject_materials": {"executed_lines": [], "summary": {"covered_lines": 0, "num_statements": 1, "percent_covered": 0.0, "percent_covered_display": "0", "missing_lines": 1, "excluded_lines": 0}, "missing_lines": [111], "excluded_lines": []}, "User.has_active_subscription": {"executed_lines": [], "summary": {"covered_lines": 0, "num_statements": 3, "percent_covered": 0.0, "percent_covered_display": "0", "missing_lines": 3, "excluded_lines": 0}, "missing_lines": [114, 116, 117], "excluded_lines": []}, "User.get_role_display": {"executed_lines": [120, 121, 124, 125, 127], "summary": {"covered_lines": 5, "num_statements": 5, "percent_covered": 100.0, "percent_covered_display": "100", "missing_lines": 0, "excluded_lines": 0}, "missing_lines": [], "excluded_lines": []}, "EmailVerification.__repr__": {"executed_lines": [], "summary": {"covered_lines": 0, "num_statements": 1, "percent_covered": 0.0, "percent_covered_display": "0", "missing_lines": 1, "excluded_lines": 0}, "missing_lines": [144], "excluded_lines": []}, "EmailVerification.generate_code": {"executed_lines": [148, 150, 151, 152, 155], "summary": {"covered_lines": 5, "num_statements": 5, "percent_covered": 100.0, "percent_covered_display": "100", "missing_lines": 0, "excluded_lines": 0}, "missing_lines": [], "excluded_lines": []}, "EmailVerification.create_verification": {"executed_lines": [164, 165, 166], "summary": {"covered_lines": 3, "num_statements": 3, "percent_covered": 100.0, "percent_covered_display": "100", "missing_lines": 0, "excluded_lines": 0}, "missing_lines": [], "excluded_lines": []}, "PasswordReset.__repr__": {"executed_lines": [], "summary": {"covered_lines": 0, "num_statements": 1, "percent_covered": 0.0, "percent_covered_display": "0", "missing_lines": 1, "excluded_lines": 0}, "missing_lines": [178], "excluded_lines": []}, "PasswordReset.generate_code": {"executed_lines": [], "summary": {"covered_lines": 0, "num_statements": 5, "percent_covered": 0.0, "percent_covered_display": "0", "missing_lines": 5, "excluded_lines": 0}, "missing_lines": [182, 184, 185, 186, 189], "excluded_lines": []}, "PasswordReset.create_reset": {"executed_lines": [], "summary": {"covered_lines": 0, "num_statements": 3, "percent_covered": 0.0, "percent_covered_display": "0", "missing_lines": 3, "excluded_lines": 0}, "missing_lines": [193, 194, 195], "excluded_lines": []}, "Material.share_url": {"executed_lines": [], "summary": {"covered_lines": 0, "num_statements": 6, "percent_covered": 0.0, "percent_covered_display": "0", "missing_lines": 6, "excluded_lines": 0}, "missing_lines": [239, 242, 245, 247, 249, 252], "excluded_lines": []}, "Payment.__repr__": {"executed_lines": [], "summary": {"covered_lines": 0, "num_statements": 1, "percent_covered": 0.0, "percent_covered_display": "0", "missing_lines": 1, "excluded_lines": 0}, "missing_lines": [278], "excluded_lines": []}, "ChatMessage.__repr__": {"executed_lines": [], "summary": {"covered_lines": 0, "num_statements": 1, "percent_covered": 0.0, "percent_covered_display": "0", "missing_lines": 1, "excluded_lines": 0}, "missing_lines": [295], "excluded_lines": []}, "Ticket.__repr__": {"executed_lines": [], "summary": {"covered_lines": 0, "num_statements": 1, "percent_covered": 0.0, "percent_covered_display": "0", "missing_lines": 1, "excluded_lines": 0}, "missing_lines": [323], "excluded_lines": []}, "TicketFile.__repr__": {"executed_lines": [], "summary": {"covered_lines": 0, "num_statements": 1, "percent_covered": 0.0, "percent_covered_display": "0", "missing_lines": 1, "excluded_lines": 0}, "missing_lines": [336], "excluded_lines": []}, "TicketMessage.__repr__": {"executed_lines": [], "summary": {"covered_lines": 0, "num_statements": 1, "percent_covered": 0.0, "percent_covered_display": "0", "missing_lines": 1, "excluded_lines": 0}, "missing_lines": [350], "excluded_lines": []}, "Notification.__repr__": {"executed_lines": [], "summary": {"covered_lines": 0, "num_statements": 1, "percent_covered": 0.0, "percent_covered_display": "0", "missing_lines": 1, "excluded_lines": 0}, "missing_lines": [364], "excluded_lines": []}, "ShortLink.__repr__": {"executed_lines": [], "summary": {"covered_lines": 0, "num_statements": 1, "percent_covered": 0.0, "percent_covered_display": "0", "missing_lines": 1, "excluded_lines": 0}, "missing_lines": [375], "excluded_lines": []}, "ShortLink.generate_code": {"executed_lines": [379, 380], "summary": {"covered_lines": 2, "num_statements": 2, "percent_covered": 100.0, "percent_covered_display": "100", "missing_lines": 0, "excluded_lines": 0}, "missing_lines": [], "excluded_lines": []}, "ShortLink.create_unique": {"executed_lines": [384, 385, 386, 387, 388, 389, 390], "summary": {"covered_lines": 7, "num_statements": 12, "percent_covered": 58.333333333333336, "percent_covered_display": "58", "missing_lines": 5, "excluded_lines": 0}, "missing_lines": [391, 392, 393, 394, 395], "excluded_lines": []}, "ShortLinkRule.__repr__": {"executed_lines": [], "summary": {"covered_lines": 0, "num_statements": 1, "percent_covered": 0.0, "percent_covered_display": "0", "missing_lines": 1, "excluded_lines": 0}, "missing_lines": [412], "excluded_lines": []}, "SiteSettings.__repr__": {"executed_lines": [], "summary": {"covered_lines": 0, "num_statements": 1, "percent_covered": 0.0, "percent_covered_display": "0", "missing_lines": 1, "excluded_lines": 0}, "missing_lines": [425], "excluded_lines": []}, "SiteSettings.get_setting": {"executed_lines": [429, 430, 431, 433, 434], "summary": {"covered_lines": 5, "num_statements": 6, "percent_covered": 83.33333333333333, "percent_covered_display": "83", "missing_lines": 1, "excluded_lines": 0}, "missing_lines": [432], "excluded_lines": []}, "SiteSettings.set_setting": {"executed_lines": [438, 439, 444, 445, 446, 447], "summary": {"covered_lines": 6, "num_statements": 9, "percent_covered": 66.66666666666667, "percent_covered_display": "67", "missing_lines": 3, "excluded_lines": 0}, "missing_lines": [440, 441, 442], "excluded_lines": []}, "TelegramUser.__repr__": {"executed_lines": [], "summary": {"covered_lines": 0, "num_statements": 1, "percent_covered": 0.0, "percent_covered_display": "0", "missing_lines": 1, "excluded_lines": 0}, "missing_lines": [464], "excluded_lines": []}, "TelegramUser.get_or_create": {"executed_lines": [], "summary": {"covered_lines": 0, "num_statements": 13, "percent_covered": 0.0, "percent_covered_display": "0", "missing_lines": 13, "excluded_lines": 0}, "missing_lines": [476, 477, 478, 486, 487, 489, 490, 491, 492, 493, 494, 495, 496], "excluded_lines": []}, "": {"executed_lines": [1, 2, 5, 7, 10, 11, 12, 13, 14, 15, 16, 17, 24, 28, 29, 30, 31, 32, 33, 35, 39, 40, 41, 42, 43, 44, 45, 46, 47, 48, 49, 50, 51, 52, 53, 54, 55, 58, 61, 68, 72, 75, 78, 81, 95, 110, 113, 119, 130, 131, 132, 133, 134, 135, 136, 137, 138, 143, 146, 147, 157, 158, 169, 170, 171, 172, 173, 174, 175, 177, 180, 181, 191, 192, 198, 199, 200, 201, 202, 203, 204, 205, 208, 216, 217, 218, 219, 220, 221, 222, 223, 224, 227, 228, 229, 236, 237, 255, 256, 257, 258, 259, 260, 261, 264, 265, 266, 267, 268, 269, 270, 271, 272, 273, 277, 281, 282, 283, 284, 285, 286, 287, 288, 289, 294, 300, 301, 302, 303, 304, 305, 306, 307, 310, 311, 312, 313, 314, 315, 318, 322, 326, 327, 328, 329, 330, 331, 332, 333, 335, 339, 340, 341, 342, 343, 344, 345, 346, 347, 349, 353, 354, 355, 356, 357, 358, 359, 360, 361, 363, 367, 368, 369, 370, 371, 372, 374, 377, 378, 382, 383, 398, 399, 400, 403, 404, 405, 406, 411, 415, 416, 417, 418, 419, 420, 424, 427, 428, 436, 437, 450, 451, 452, 453, 454, 455, 456, 457, 458, 459, 460, 461, 463, 466, 467], "summary": {"covered_lines": 215, "num_statements": 215, "percent_covered": 100.0, "percent_covered_display": "100", "missing_lines": 0, "excluded_lines": 0}, "missing_lines": [], "excluded_lines": []}}, "classes": {"Group": {"executed_lines": [25], "summary": {"covered_lines": 1, "num_statements": 1, "percent_covered": 100.0, "percent_covered_display": "100", "missing_lines": 0, "excluded_lines": 0}, "missing_lines": [], "excluded_lines": []}, "SubjectGroup": {"executed_lines": [], "summary": {"covered_lines": 0, "num_statements": 1, "percent_covered": 0.0, "percent_covered_display": "0", "missing_lines": 1, "excluded_lines": 0}, "missing_lines": [36], "excluded_lines": []}, "User": {"executed_lines": [73, 76, 79, 120, 121, 124, 125, 127], "summary": {"covered_lines": 8, "num_statements": 24, "percent_covered": 33.333333333333336, "percent_covered_display": "33", "missing_lines": 16, "excluded_lines": 0}, "missing_lines": [82, 84, 85, 86, 87, 93, 96, 97, 98, 99, 101, 108, 111, 114, 116, 117], "excluded_lines": []}, "EmailVerification": {"executed_lines": [148, 150, 151, 152, 155, 164, 165, 166], "summary": {"covered_lines": 8, "num_statements": 9, "percent_covered": 88.88888888888889, "percent_covered_display": "89", "missing_lines": 1, "excluded_lines": 0}, "missing_lines": [144], "excluded_lines": []}, "PasswordReset": {"executed_lines": [], "summary": {"covered_lines": 0, "num_statements": 9, "percent_covered": 0.0, "percent_covered_display": "0", "missing_lines": 9, "excluded_lines": 0}, "missing_lines": [178, 182, 184, 185, 186, 189, 193, 194, 195], "excluded_lines": []}, "Subject": {"executed_lines": [], "summary": {"covered_lines": 0, "num_statements": 0, "percent_covered": 100.0, "percent_covered_display": "100", "missing_lines": 0, "excluded_lines": 0}, "missing_lines": [], "excluded_lines": []}, "Material": {"executed_lines": [], "summary": {"covered_lines": 0, "num_statements": 6, "percent_covered": 0.0, "percent_covered_display": "0", "missing_lines": 6, "excluded_lines": 0}, "missing_lines": [239, 242, 245, 247, 249, 252], "excluded_lines": []}, "Submission": {"executed_lines": [], "summary": {"covered_lines": 0, "num_statements": 0, "percent_covered": 100.0, "percent_covered_display": "100", "missing_lines": 0, "excluded_lines": 0}, "missing_lines": [], "excluded_lines": []}, "Payment": {"executed_lines": [], "summary": {"covered_lines": 0, "num_statements": 1, "percent_covered": 0.0, "percent_covered_display": "0", "missing_lines": 1, "excluded_lines": 0}, "missing_lines": [278], "excluded_lines": []}, "ChatMessage": {"executed_lines": [], "summary": {"covered_lines": 0, "num_statements": 1, "percent_covered": 0.0, "percent_covered_display": "0", "missing_lines": 1, "excluded_lines": 0}, "missing_lines": [295], "excluded_lines": []}, "Ticket": {"executed_lines": [], "summary": {"covered_lines": 0, "num_statements": 1, "percent_covered": 0.0, "percent_covered_display": "0", "missing_lines": 1, "excluded_lines": 0}, "missing_lines": [323], "excluded_lines": []}, "TicketFile": {"executed_lines": [], "summary": {"covered_lines": 0, "num_statements": 1, "percent_covered": 0.0, "percent_covered_display": "0", "missing_lines": 1, "excluded_lines": 0}, "missing_lines": [336], "excluded_lines": []}, "TicketMessage": {"executed_lines": [], "summary": {"covered_lines": 0, "num_statements": 1, "percent_covered": 0.0, "percent_covered_display": "0", "missing_lines": 1, "excluded_lines": 0}, "missing_lines": [350], "excluded_lines": []}, "Notification": {"executed_lines": [], "summary": {"covered_lines": 0, "num_statements": 1, "percent_covered": 0.0, "percent_covered_display": "0", "missing_lines": 1, "excluded_lines": 0}, "missing_lines": [364], "excluded_lines": []}, "ShortLink": {"executed_lines": [379, 380, 384, 385, 386, 387, 388, 389, 390], "summary": {"covered_lines": 9, "num_statements": 15, "percent_covered": 60.0, "percent_covered_display": "60", "missing_lines": 6, "excluded_lines": 0}, "missing_lines": [375, 391, 392, 393, 394, 395], "excluded_lines": []}, "ShortLinkRule": {"executed_lines": [], "summary": {"covered_lines": 0, "num_statements": 1, "percent_covered": 0.0, "percent_covered_display": "0", "missing_lines": 1, "excluded_lines": 0}, "missing_lines": [412], "excluded_lines": []}, "SiteSettings": {"executed_lines": [429, 430, 431, 433, 434, 438, 439, 444, 445, 446, 447], "summary": {"covered_lines": 11, "num_statements": 16, "percent_covered": 68.75, "percent_covered_display": "69", "missing_lines": 5, "excluded_lines": 0}, "missing_lines": [425, 432, 440, 441, 442], "excluded_lines": []}, "TelegramUser": {"executed_lines": [], "summary": {"covered_lines": 0, "num_statements": 14, "percent_covered": 0.0, "percent_covered_display": "0", "missing_lines": 14, "excluded_lines": 0}, "missing_lines": [464, 476, 477, 478, 486, 487, 489, 490, 491, 492, 493, 494, 495, 496], "excluded_lines": []}, "": {"executed_lines": [1, 2, 5, 7, 10, 11, 12, 13, 14, 15, 16, 17, 24, 28, 29, 30, 31, 32, 33, 35, 39, 40, 41, 42, 43, 44, 45, 46, 47, 48, 49, 50, 51, 52, 53, 54, 55, 58, 61, 68, 72, 75, 78, 81, 95, 110, 113, 119, 130, 131, 132, 133, 134, 135, 136, 137, 138, 143, 146, 147, 157, 158, 169, 170, 171, 172, 173, 174, 175, 177, 180, 181, 191, 192, 198, 199, 200, 201, 202, 203, 204, 205, 208, 216, 217, 218, 219, 220, 221, 222, 223, 224, 227, 228, 229, 236, 237, 255, 256, 257, 258, 259, 260, 261, 264, 265, 266, 267, 268, 269, 270, 271, 272, 273, 277, 281, 282, 283, 284, 285, 286, 287, 288, 289, 294, 300, 301, 302, 303, 304, 305, 306, 307, 310, 311, 312, 313, 314, 315, 318, 322, 326, 327, 328, 329, 330, 331, 332, 333, 335, 339, 340, 341, 342, 343, 344, 345, 346, 347, 349, 353, 354, 355, 356, 357, 358, 359, 360, 361, 363, 367, 368, 369, 370, 371, 372, 374, 377, 378, 382, 383, 398, 399, 400, 403, 404, 405, 406, 411, 415, 416, 417, 418, 419, 420, 424, 427, 428, 436, 437, 450, 451, 452, 453, 454, 455, 456, 457, 458, 459, 460, 461, 463, 466, 467], "summary": {"covered_lines": 215, "num_statements": 215, "percent_covered": 100.0, "percent_covered_display": "100", "missing_lines": 0, "excluded_lines": 0}, "missing_lines": [], "excluded_lines": []}}}, "app/services/__init__.py": {"executed_lines": [1, 2, 3, 4, 5, 6, 7, 9], "summary": {"covered_lines": 8, "num_statements": 8, "percent_covered": 100.0, "percent_covered_display": "100", "missing_lines": 0, "excluded_lines": 0}, "missing_lines": [], "excluded_lines": [], "functions": {"": {"executed_lines": [1, 2, 3, 4, 5, 6, 7, 9], "summary": {"covered_lines": 8, "num_statements": 8, "percent_covered": 100.0, "percent_covered_display": "100", "missing_lines": 0, "excluded_lines": 0}, "missing_lines": [], "excluded_lines": []}}, "classes": {"": {"executed_lines": [1, 2, 3, 4, 5, 6, 7, 9], "summary": {"covered_lines": 8, "num_statements": 8, "percent_covered": 100.0, "percent_covered_display": "100", "missing_lines": 0, "excluded_lines": 0}, "missing_lines": [], "excluded_lines": []}}}, "app/services/export_service.py": {"executed_lines": [1, 2, 3, 4, 5, 7, 8, 10, 13, 14, 15, 27, 28, 76, 77], "summary": {"covered_lines": 15, "num_statements": 67, "percent_covered": 22.388059701492537, "percent_covered_display": "22", "missing_lines": 52, "excluded_lines": 0}, "missing_lines": [16, 17, 18, 19, 20, 21, 22, 23, 24, 25, 29, 30, 31, 32, 33, 34, 35, 36, 37, 38, 39, 40, 41, 42, 43, 44, 45, 46, 47, 48, 49, 50, 51, 52, 53, 60, 61, 62, 63, 66, 67, 70, 73, 74, 78, 82, 83, 84, 85, 86, 87, 88], "excluded_lines": [], "functions": {"ExportService.clean_folder_name": {"executed_lines": [], "summary": {"covered_lines": 0, "num_statements": 10, "percent_covered": 0.0, "percent_covered_display": "0", "missing_lines": 10, "excluded_lines": 0}, "missing_lines": [16, 17, 18, 19, 20, 21, 22, 23, 24, 25], "excluded_lines": []}, "ExportService.export_user_solutions": {"executed_lines": [], "summary": {"covered_lines": 0, "num_statements": 34, "percent_covered": 0.0, "percent_covered_display": "0", "missing_lines": 34, "excluded_lines": 0}, "missing_lines": [29, 30, 31, 32, 33, 34, 35, 36, 37, 38, 39, 40, 41, 42, 43, 44, 45, 46, 47, 48, 49, 50, 51, 52, 53, 60, 61, 62, 63, 66, 67, 70, 73, 74], "excluded_lines": []}, "ExportService._generate_readme_content": {"executed_lines": [], "summary": {"covered_lines": 0, "num_statements": 8, "percent_covered": 0.0, "percent_covered_display": "0", "missing_lines": 8, "excluded_lines": 0}, "missing_lines": [78, 82, 83, 84, 85, 86, 87, 88], "excluded_lines": []}, "": {"executed_lines": [1, 2, 3, 4, 5, 7, 8, 10, 13, 14, 15, 27, 28, 76, 77], "summary": {"covered_lines": 15, "num_statements": 15, "percent_covered": 100.0, "percent_covered_display": "100", "missing_lines": 0, "excluded_lines": 0}, "missing_lines": [], "excluded_lines": []}}, "classes": {"ExportService": {"executed_lines": [], "summary": {"covered_lines": 0, "num_statements": 52, "percent_covered": 0.0, "percent_covered_display": "0", "missing_lines": 52, "excluded_lines": 0}, "missing_lines": [16, 17, 18, 19, 20, 21, 22, 23, 24, 25, 29, 30, 31, 32, 33, 34, 35, 36, 37, 38, 39, 40, 41, 42, 43, 44, 45, 46, 47, 48, 49, 50, 51, 52, 53, 60, 61, 62, 63, 66, 67, 70, 73, 74, 78, 82, 83, 84, 85, 86, 87, 88], "excluded_lines": []}, "": {"executed_lines": [1, 2, 3, 4, 5, 7, 8, 10, 13, 14, 15, 27, 28, 76, 77], "summary": {"covered_lines": 15, "num_statements": 15, "percent_covered": 100.0, "percent_covered_display": "100", "missing_lines": 0, "excluded_lines": 0}, "missing_lines": [], "excluded_lines": []}}}, "app/services/material_service.py": {"executed_lines": [1, 2, 3, 5, 6, 8, 9, 10, 11, 14, 15, 16, 17, 18, 23, 25, 26, 35, 36, 37, 43, 49, 58, 59, 60, 62, 63, 64, 65, 66, 67, 68, 69, 70, 71, 72, 74, 75, 101, 102, 121, 122, 133, 134, 135, 136, 137, 138], "summary": {"covered_lines": 48, "num_statements": 106, "percent_covered": 45.283018867924525, "percent_covered_display": "45", "missing_lines": 58, "excluded_lines": 0}, "missing_lines": [38, 41, 42, 44, 47, 48, 76, 77, 78, 79, 80, 83, 84, 85, 86, 89, 90, 91, 94, 95, 96, 97, 98, 99, 103, 104, 105, 106, 107, 108, 111, 112, 115, 116, 117, 118, 119, 123, 124, 125, 126, 127, 128, 129, 130, 131, 139, 140, 141, 144, 145, 148, 151, 152, 153, 154, 155, 156], "excluded_lines": [], "functions": {"MaterialService.get_subject_materials": {"executed_lines": [17, 18, 23], "summary": {"covered_lines": 3, "num_statements": 3, "percent_covered": 100.0, "percent_covered_display": "100", "missing_lines": 0, "excluded_lines": 0}, "missing_lines": [], "excluded_lines": []}, "MaterialService.create_material": {"executed_lines": [35, 36, 37, 43, 49, 58, 59, 60], "summary": {"covered_lines": 8, "num_statements": 14, "percent_covered": 57.142857142857146, "percent_covered_display": "57", "missing_lines": 6, "excluded_lines": 0}, "missing_lines": [38, 41, 42, 44, 47, 48], "excluded_lines": []}, "MaterialService.update_material": {"executed_lines": [64, 65, 66, 67, 68, 69, 70, 71, 72], "summary": {"covered_lines": 9, "num_statements": 9, "percent_covered": 100.0, "percent_covered_display": "100", "missing_lines": 0, "excluded_lines": 0}, "missing_lines": [], "excluded_lines": []}, "MaterialService.replace_material_file": {"executed_lines": [], "summary": {"covered_lines": 0, "num_statements": 18, "percent_covered": 0.0, "percent_covered_display": "0", "missing_lines": 18, "excluded_lines": 0}, "missing_lines": [76, 77, 78, 79, 80, 83, 84, 85, 86, 89, 90, 91, 94, 95, 96, 97, 98, 99], "excluded_lines": []}, "MaterialService.add_solution_file": {"executed_lines": [], "summary": {"covered_lines": 0, "num_statements": 13, "percent_covered": 0.0, "percent_covered_display": "0", "missing_lines": 13, "excluded_lines": 0}, "missing_lines": [103, 104, 105, 106, 107, 108, 111, 112, 115, 116, 117, 118, 119], "excluded_lines": []}, "MaterialService.delete_material": {"executed_lines": [], "summary": {"covered_lines": 0, "num_statements": 9, "percent_covered": 0.0, "percent_covered_display": "0", "missing_lines": 9, "excluded_lines": 0}, "missing_lines": [123, 124, 125, 126, 127, 128, 129, 130, 131], "excluded_lines": []}, "MaterialService.submit_solution": {"executed_lines": [135, 136, 137, 138], "summary": {"covered_lines": 4, "num_statements": 16, "percent_covered": 25.0, "percent_covered_display": "25", "missing_lines": 12, "excluded_lines": 0}, "missing_lines": [139, 140, 141, 144, 145, 148, 151, 152, 153, 154, 155, 156], "excluded_lines": []}, "": {"executed_lines": [1, 2, 3, 5, 6, 8, 9, 10, 11, 14, 15, 16, 25, 26, 62, 63, 74, 75, 101, 102, 121, 122, 133, 134], "summary": {"covered_lines": 24, "num_statements": 24, "percent_covered": 100.0, "percent_covered_display": "100", "missing_lines": 0, "excluded_lines": 0}, "missing_lines": [], "excluded_lines": []}}, "classes": {"MaterialService": {"executed_lines": [17, 18, 23, 35, 36, 37, 43, 49, 58, 59, 60, 64, 65, 66, 67, 68, 69, 70, 71, 72, 135, 136, 137, 138], "summary": {"covered_lines": 24, "num_statements": 82, "percent_covered": 29.26829268292683, "percent_covered_display": "29", "missing_lines": 58, "excluded_lines": 0}, "missing_lines": [38, 41, 42, 44, 47, 48, 76, 77, 78, 79, 80, 83, 84, 85, 86, 89, 90, 91, 94, 95, 96, 97, 98, 99, 103, 104, 105, 106, 107, 108, 111, 112, 115, 116, 117, 118, 119, 123, 124, 125, 126, 127, 128, 129, 130, 131, 139, 140, 141, 144, 145, 148, 151, 152, 153, 154, 155, 156], "excluded_lines": []}, "": {"executed_lines": [1, 2, 3, 5, 6, 8, 9, 10, 11, 14, 15, 16, 25, 26, 62, 63, 74, 75, 101, 102, 121, 122, 133, 134], "summary": {"covered_lines": 24, "num_statements": 24, "percent_covered": 100.0, "percent_covered_display": "100", "missing_lines": 0, "excluded_lines": 0}, "missing_lines": [], "excluded_lines": []}}}, "app/services/payment_service.py": {"executed_lines": [1, 2, 4, 5, 8, 9, 11, 12, 48, 49, 99, 100, 124, 125, 141, 142, 180, 181, 204, 205], "summary": {"covered_lines": 19, "num_statements": 140, "percent_covered": 13.571428571428571, "percent_covered_display": "14", "missing_lines": 121, "excluded_lines": 0}, "missing_lines": [16, 17, 19, 21, 22, 23, 24, 25, 26, 27, 28, 29, 30, 31, 32, 35, 36, 41, 42, 43, 45, 46, 51, 52, 53, 54, 55, 56, 57, 60, 61, 62, 63, 64, 65, 68, 69, 71, 75, 77, 80, 81, 84, 85, 87, 90, 91, 92, 93, 95, 96, 97, 102, 103, 104, 105, 106, 107, 109, 110, 113, 116, 117, 118, 119, 121, 122, 127, 128, 129, 130, 131, 132, 133, 134, 135, 136, 138, 139, 144, 145, 147, 150, 151, 154, 155, 157, 158, 159, 160, 161, 164, 165, 167, 169, 170, 174, 175, 177, 178, 183, 184, 187, 188, 189, 190, 191, 192, 193, 194, 196, 197, 198, 200, 201, 202, 207, 208, 210, 211, 212], "excluded_lines": [], "functions": {"PaymentService.create_subscription_payment": {"executed_lines": [], "summary": {"covered_lines": 0, "num_statements": 22, "percent_covered": 0.0, "percent_covered_display": "0", "missing_lines": 22, "excluded_lines": 0}, "missing_lines": [16, 17, 19, 21, 22, 23, 24, 25, 26, 27, 28, 29, 30, 31, 32, 35, 36, 41, 42, 43, 45, 46], "excluded_lines": []}, "PaymentService.process_payment_webhook": {"executed_lines": [], "summary": {"covered_lines": 0, "num_statements": 30, "percent_covered": 0.0, "percent_covered_display": "0", "missing_lines": 30, "excluded_lines": 0}, "missing_lines": [51, 52, 53, 54, 55, 56, 57, 60, 61, 62, 63, 64, 65, 68, 69, 71, 75, 77, 80, 81, 84, 85, 87, 90, 91, 92, 93, 95, 96, 97], "excluded_lines": []}, "PaymentService._activate_subscription_for_payment": {"executed_lines": [], "summary": {"covered_lines": 0, "num_statements": 15, "percent_covered": 0.0, "percent_covered_display": "0", "missing_lines": 15, "excluded_lines": 0}, "missing_lines": [102, 103, 104, 105, 106, 107, 109, 110, 113, 116, 117, 118, 119, 121, 122], "excluded_lines": []}, "PaymentService._deactivate_subscription_for_payment": {"executed_lines": [], "summary": {"covered_lines": 0, "num_statements": 12, "percent_covered": 0.0, "percent_covered_display": "0", "missing_lines": 12, "excluded_lines": 0}, "missing_lines": [127, 128, 129, 130, 131, 132, 133, 134, 135, 136, 138, 139], "excluded_lines": []}, "PaymentService.check_payment_status": {"executed_lines": [], "summary": {"covered_lines": 0, "num_statements": 21, "percent_covered": 0.0, "percent_covered_display": "0", "missing_lines": 21, "excluded_lines": 0}, "missing_lines": [144, 145, 147, 150, 151, 154, 155, 157, 158, 159, 160, 161, 164, 165, 167, 169, 170, 174, 175, 177, 178], "excluded_lines": []}, "PaymentService.cancel_payment": {"executed_lines": [], "summary": {"covered_lines": 0, "num_statements": 16, "percent_covered": 0.0, "percent_covered_display": "0", "missing_lines": 16, "excluded_lines": 0}, "missing_lines": [183, 184, 187, 188, 189, 190, 191, 192, 193, 194, 196, 197, 198, 200, 201, 202], "excluded_lines": []}, "PaymentService.get_subscription_prices": {"executed_lines": [], "summary": {"covered_lines": 0, "num_statements": 5, "percent_covered": 0.0, "percent_covered_display": "0", "missing_lines": 5, "excluded_lines": 0}, "missing_lines": [207, 208, 210, 211, 212], "excluded_lines": []}, "": {"executed_lines": [1, 2, 4, 5, 8, 9, 11, 12, 48, 49, 99, 100, 124, 125, 141, 142, 180, 181, 204, 205], "summary": {"covered_lines": 19, "num_statements": 19, "percent_covered": 100.0, "percent_covered_display": "100", "missing_lines": 0, "excluded_lines": 0}, "missing_lines": [], "excluded_lines": []}}, "classes": {"PaymentService": {"executed_lines": [], "summary": {"covered_lines": 0, "num_statements": 121, "percent_covered": 0.0, "percent_covered_display": "0", "missing_lines": 121, "excluded_lines": 0}, "missing_lines": [16, 17, 19, 21, 22, 23, 24, 25, 26, 27, 28, 29, 30, 31, 32, 35, 36, 41, 42, 43, 45, 46, 51, 52, 53, 54, 55, 56, 57, 60, 61, 62, 63, 64, 65, 68, 69, 71, 75, 77, 80, 81, 84, 85, 87, 90, 91, 92, 93, 95, 96, 97, 102, 103, 104, 105, 106, 107, 109, 110, 113, 116, 117, 118, 119, 121, 122, 127, 128, 129, 130, 131, 132, 133, 134, 135, 136, 138, 139, 144, 145, 147, 150, 151, 154, 155, 157, 158, 159, 160, 161, 164, 165, 167, 169, 170, 174, 175, 177, 178, 183, 184, 187, 188, 189, 190, 191, 192, 193, 194, 196, 197, 198, 200, 201, 202, 207, 208, 210, 211, 212], "excluded_lines": []}, "": {"executed_lines": [1, 2, 4, 5, 8, 9, 11, 12, 48, 49, 99, 100, 124, 125, 141, 142, 180, 181, 204, 205], "summary": {"covered_lines": 19, "num_statements": 19, "percent_covered": 100.0, "percent_covered_display": "100", "missing_lines": 0, "excluded_lines": 0}, "missing_lines": [], "excluded_lines": []}}}, "app/services/subject_service.py": {"executed_lines": [1, 2, 4, 5, 8, 9, 10, 18, 25, 26, 27, 28, 29, 31, 32, 33, 34, 35, 36, 38, 39, 40, 41, 43, 44, 53, 54, 55], "summary": {"covered_lines": 28, "num_statements": 36, "percent_covered": 77.77777777777777, "percent_covered_display": "78", "missing_lines": 8, "excluded_lines": 0}, "missing_lines": [37, 45, 46, 47, 48, 49, 50, 51], "excluded_lines": [], "functions": {"SubjectService.create_subject": {"executed_lines": [18, 25, 26, 27, 28, 29], "summary": {"covered_lines": 6, "num_statements": 6, "percent_covered": 100.0, "percent_covered_display": "100", "missing_lines": 0, "excluded_lines": 0}, "missing_lines": [], "excluded_lines": []}, "SubjectService.update_subject": {"executed_lines": [33, 34, 35, 36, 38, 39, 40, 41], "summary": {"covered_lines": 8, "num_statements": 9, "percent_covered": 88.88888888888889, "percent_covered_display": "89", "missing_lines": 1, "excluded_lines": 0}, "missing_lines": [37], "excluded_lines": []}, "SubjectService.delete_subject": {"executed_lines": [], "summary": {"covered_lines": 0, "num_statements": 7, "percent_covered": 0.0, "percent_covered_display": "0", "missing_lines": 7, "excluded_lines": 0}, "missing_lines": [45, 46, 47, 48, 49, 50, 51], "excluded_lines": []}, "SubjectService.get_subject_or_404": {"executed_lines": [55], "summary": {"covered_lines": 1, "num_statements": 1, "percent_covered": 100.0, "percent_covered_display": "100", "missing_lines": 0, "excluded_lines": 0}, "missing_lines": [], "excluded_lines": []}, "": {"executed_lines": [1, 2, 4, 5, 8, 9, 10, 31, 32, 43, 44, 53, 54], "summary": {"covered_lines": 13, "num_statements": 13, "percent_covered": 100.0, "percent_covered_display": "100", "missing_lines": 0, "excluded_lines": 0}, "missing_lines": [], "excluded_lines": []}}, "classes": {"SubjectService": {"executed_lines": [18, 25, 26, 27, 28, 29, 33, 34, 35, 36, 38, 39, 40, 41, 55], "summary": {"covered_lines": 15, "num_statements": 23, "percent_covered": 65.21739130434783, "percent_covered_display": "65", "missing_lines": 8, "excluded_lines": 0}, "missing_lines": [37, 45, 46, 47, 48, 49, 50, 51], "excluded_lines": []}, "": {"executed_lines": [1, 2, 4, 5, 8, 9, 10, 31, 32, 43, 44, 53, 54], "summary": {"covered_lines": 13, "num_statements": 13, "percent_covered": 100.0, "percent_covered_display": "100", "missing_lines": 0, "excluded_lines": 0}, "missing_lines": [], "excluded_lines": []}}}, "app/services/ticket_service.py": {"executed_lines": [1, 2, 4, 5, 6, 9, 10, 12, 13, 55, 56, 116, 117, 184, 185, 212, 213, 241, 242, 275, 276], "summary": {"covered_lines": 20, "num_statements": 190, "percent_covered": 10.526315789473685, "percent_covered_display": "11", "missing_lines": 170, "excluded_lines": 0}, "missing_lines": [17, 18, 19, 20, 21, 28, 29, 30, 31, 32, 33, 34, 35, 42, 43, 44, 49, 50, 51, 52, 53, 60, 61, 62, 63, 64, 65, 66, 67, 68, 69, 77, 78, 79, 80, 81, 82, 83, 84, 87, 88, 89, 90, 91, 92, 94, 97, 98, 100, 101, 102, 109, 110, 111, 112, 113, 114, 121, 122, 123, 124, 125, 126, 127, 128, 129, 130, 131, 132, 134, 135, 136, 143, 144, 145, 146, 148, 149, 150, 151, 152, 159, 160, 161, 162, 163, 164, 165, 168, 169, 170, 171, 172, 173, 175, 178, 179, 180, 181, 182, 187, 188, 189, 190, 191, 192, 193, 194, 197, 198, 199, 207, 208, 209, 210, 217, 218, 219, 220, 221, 222, 223, 224, 225, 226, 228, 229, 230, 231, 232, 233, 234, 236, 237, 238, 239, 244, 245, 247, 248, 249, 250, 253, 254, 255, 256, 257, 258, 259, 261, 264, 265, 266, 267, 268, 269, 270, 271, 272, 273, 278, 279, 280, 281, 282, 283, 284, 298, 299, 300], "excluded_lines": [], "functions": {"TicketService.change_ticket_status": {"executed_lines": [], "summary": {"covered_lines": 0, "num_statements": 21, "percent_covered": 0.0, "percent_covered_display": "0", "missing_lines": 21, "excluded_lines": 0}, "missing_lines": [17, 18, 19, 20, 21, 28, 29, 30, 31, 32, 33, 34, 35, 42, 43, 44, 49, 50, 51, 52, 53], "excluded_lines": []}, "TicketService.create_ticket": {"executed_lines": [], "summary": {"covered_lines": 0, "num_statements": 36, "percent_covered": 0.0, "percent_covered_display": "0", "missing_lines": 36, "excluded_lines": 0}, "missing_lines": [60, 61, 62, 63, 64, 65, 66, 67, 68, 69, 77, 78, 79, 80, 81, 82, 83, 84, 87, 88, 89, 90, 91, 92, 94, 97, 98, 100, 101, 102, 109, 110, 111, 112, 113, 114], "excluded_lines": []}, "TicketService.add_ticket_response": {"executed_lines": [], "summary": {"covered_lines": 0, "num_statements": 43, "percent_covered": 0.0, "percent_covered_display": "0", "missing_lines": 43, "excluded_lines": 0}, "missing_lines": [121, 122, 123, 124, 125, 126, 127, 128, 129, 130, 131, 132, 134, 135, 136, 143, 144, 145, 146, 148, 149, 150, 151, 152, 159, 160, 161, 162, 163, 164, 165, 168, 169, 170, 171, 172, 173, 175, 178, 179, 180, 181, 182], "excluded_lines": []}, "TicketService._upload_ticket_file": {"executed_lines": [], "summary": {"covered_lines": 0, "num_statements": 15, "percent_covered": 0.0, "percent_covered_display": "0", "missing_lines": 15, "excluded_lines": 0}, "missing_lines": [187, 188, 189, 190, 191, 192, 193, 194, 197, 198, 199, 207, 208, 209, 210], "excluded_lines": []}, "TicketService.delete_ticket_file": {"executed_lines": [], "summary": {"covered_lines": 0, "num_statements": 21, "percent_covered": 0.0, "percent_covered_display": "0", "missing_lines": 21, "excluded_lines": 0}, "missing_lines": [217, 218, 219, 220, 221, 222, 223, 224, 225, 226, 228, 229, 230, 231, 232, 233, 234, 236, 237, 238, 239], "excluded_lines": []}, "TicketService.delete_all_closed_tickets": {"executed_lines": [], "summary": {"covered_lines": 0, "num_statements": 24, "percent_covered": 0.0, "percent_covered_display": "0", "missing_lines": 24, "excluded_lines": 0}, "missing_lines": [244, 245, 247, 248, 249, 250, 253, 254, 255, 256, 257, 258, 259, 261, 264, 265, 266, 267, 268, 269, 270, 271, 272, 273], "excluded_lines": []}, "TicketService.get_ticket_files_info": {"executed_lines": [], "summary": {"covered_lines": 0, "num_statements": 10, "percent_covered": 0.0, "percent_covered_display": "0", "missing_lines": 10, "excluded_lines": 0}, "missing_lines": [278, 279, 280, 281, 282, 283, 284, 298, 299, 300], "excluded_lines": []}, "": {"executed_lines": [1, 2, 4, 5, 6, 9, 10, 12, 13, 55, 56, 116, 117, 184, 185, 212, 213, 241, 242, 275, 276], "summary": {"covered_lines": 20, "num_statements": 20, "percent_covered": 100.0, "percent_covered_display": "100", "missing_lines": 0, "excluded_lines": 0}, "missing_lines": [], "excluded_lines": []}}, "classes": {"TicketService": {"executed_lines": [], "summary": {"covered_lines": 0, "num_statements": 170, "percent_covered": 0.0, "percent_covered_display": "0", "missing_lines": 170, "excluded_lines": 0}, "missing_lines": [17, 18, 19, 20, 21, 28, 29, 30, 31, 32, 33, 34, 35, 42, 43, 44, 49, 50, 51, 52, 53, 60, 61, 62, 63, 64, 65, 66, 67, 68, 69, 77, 78, 79, 80, 81, 82, 83, 84, 87, 88, 89, 90, 91, 92, 94, 97, 98, 100, 101, 102, 109, 110, 111, 112, 113, 114, 121, 122, 123, 124, 125, 126, 127, 128, 129, 130, 131, 132, 134, 135, 136, 143, 144, 145, 146, 148, 149, 150, 151, 152, 159, 160, 161, 162, 163, 164, 165, 168, 169, 170, 171, 172, 173, 175, 178, 179, 180, 181, 182, 187, 188, 189, 190, 191, 192, 193, 194, 197, 198, 199, 207, 208, 209, 210, 217, 218, 219, 220, 221, 222, 223, 224, 225, 226, 228, 229, 230, 231, 232, 233, 234, 236, 237, 238, 239, 244, 245, 247, 248, 249, 250, 253, 254, 255, 256, 257, 258, 259, 261, 264, 265, 266, 267, 268, 269, 270, 271, 272, 273, 278, 279, 280, 281, 282, 283, 284, 298, 299, 300], "excluded_lines": []}, "": {"executed_lines": [1, 2, 4, 5, 6, 9, 10, 12, 13, 55, 56, 116, 117, 184, 185, 212, 213, 241, 242, 275, 276], "summary": {"covered_lines": 20, "num_statements": 20, "percent_covered": 100.0, "percent_covered_display": "100", "missing_lines": 0, "excluded_lines": 0}, "missing_lines": [], "excluded_lines": []}}}, "app/services/user_management_service.py": {"executed_lines": [1, 2, 4, 5, 8, 9, 11, 12, 16, 17, 21, 22, 24, 26, 27, 29, 30, 31, 38, 40, 41, 43, 44, 45, 55, 57, 58, 62, 63, 84, 85, 96, 97, 105, 106, 121, 122, 137, 138, 154, 155, 168, 169, 198, 199, 236, 237, 389, 390, 411, 412, 425, 426, 430, 431, 446, 447, 462, 463, 465, 466, 473, 474, 478, 479, 495, 496], "summary": {"covered_lines": 65, "num_statements": 261, "percent_covered": 24.904214559386972, "percent_covered_display": "25", "missing_lines": 196, "excluded_lines": 0}, "missing_lines": [14, 19, 32, 46, 48, 60, 66, 71, 72, 77, 78, 87, 88, 91, 92, 94, 99, 100, 101, 102, 103, 108, 109, 110, 111, 112, 113, 114, 115, 117, 118, 119, 124, 125, 126, 127, 128, 129, 130, 131, 133, 134, 135, 140, 141, 142, 143, 144, 145, 146, 147, 148, 150, 151, 152, 157, 158, 159, 160, 161, 162, 164, 165, 166, 179, 181, 184, 185, 187, 188, 189, 190, 191, 192, 194, 195, 196, 201, 202, 205, 209, 210, 213, 214, 216, 219, 220, 223, 224, 225, 227, 228, 229, 230, 232, 233, 234, 239, 241, 242, 243, 245, 249, 250, 253, 255, 257, 259, 261, 268, 276, 284, 292, 300, 308, 316, 324, 332, 340, 348, 357, 369, 371, 374, 376, 377, 378, 379, 381, 382, 384, 387, 392, 393, 394, 395, 396, 397, 398, 400, 401, 402, 403, 404, 405, 407, 408, 409, 414, 415, 416, 417, 418, 419, 421, 422, 423, 428, 433, 434, 435, 436, 437, 449, 450, 468, 469, 470, 471, 476, 481, 482, 483, 484, 485, 486, 487, 488, 489, 491, 492, 493, 498, 499, 500, 501, 502, 503, 504, 505, 506, 507, 508, 510, 511, 512], "excluded_lines": [], "functions": {"UserManagementService.is_effective_admin": {"executed_lines": [], "summary": {"covered_lines": 0, "num_statements": 1, "percent_covered": 0.0, "percent_covered_display": "0", "missing_lines": 1, "excluded_lines": 0}, "missing_lines": [14], "excluded_lines": []}, "UserManagementService.can_manage_materials": {"executed_lines": [], "summary": {"covered_lines": 0, "num_statements": 1, "percent_covered": 0.0, "percent_covered_display": "0", "missing_lines": 1, "excluded_lines": 0}, "missing_lines": [19], "excluded_lines": []}, "UserManagementService.can_see_all_subjects": {"executed_lines": [24], "summary": {"covered_lines": 1, "num_statements": 1, "percent_covered": 100.0, "percent_covered_display": "100", "missing_lines": 0, "excluded_lines": 0}, "missing_lines": [], "excluded_lines": []}, "UserManagementService.get_accessible_subjects": {"executed_lines": [29, 30, 31, 38], "summary": {"covered_lines": 4, "num_statements": 5, "percent_covered": 80.0, "percent_covered_display": "80", "missing_lines": 1, "excluded_lines": 0}, "missing_lines": [32], "excluded_lines": []}, "UserManagementService.can_add_materials_to_subject": {"executed_lines": [43, 44, 45, 55], "summary": {"covered_lines": 4, "num_statements": 6, "percent_covered": 66.66666666666667, "percent_covered_display": "67", "missing_lines": 2, "excluded_lines": 0}, "missing_lines": [46, 48], "excluded_lines": []}, "UserManagementService.can_manage_subject_materials": {"executed_lines": [], "summary": {"covered_lines": 0, "num_statements": 1, "percent_covered": 0.0, "percent_covered_display": "0", "missing_lines": 1, "excluded_lines": 0}, "missing_lines": [60], "excluded_lines": []}, "UserManagementService.has_active_subscription": {"executed_lines": [], "summary": {"covered_lines": 0, "num_statements": 5, "percent_covered": 0.0, "percent_covered_display": "0", "missing_lines": 5, "excluded_lines": 0}, "missing_lines": [66, 71, 72, 77, 78], "excluded_lines": []}, "UserManagementService.get_role_display": {"executed_lines": [], "summary": {"covered_lines": 0, "num_statements": 5, "percent_covered": 0.0, "percent_covered_display": "0", "missing_lines": 5, "excluded_lines": 0}, "missing_lines": [87, 88, 91, 92, 94], "excluded_lines": []}, "UserManagementService.toggle_admin_mode": {"executed_lines": [], "summary": {"covered_lines": 0, "num_statements": 5, "percent_covered": 0.0, "percent_covered_display": "0", "missing_lines": 5, "excluded_lines": 0}, "missing_lines": [99, 100, 101, 102, 103], "excluded_lines": []}, "UserManagementService.grant_manual_subscription": {"executed_lines": [], "summary": {"covered_lines": 0, "num_statements": 11, "percent_covered": 0.0, "percent_covered_display": "0", "missing_lines": 11, "excluded_lines": 0}, "missing_lines": [108, 109, 110, 111, 112, 113, 114, 115, 117, 118, 119], "excluded_lines": []}, "UserManagementService.revoke_manual_subscription": {"executed_lines": [], "summary": {"covered_lines": 0, "num_statements": 11, "percent_covered": 0.0, "percent_covered_display": "0", "missing_lines": 11, "excluded_lines": 0}, "missing_lines": [124, 125, 126, 127, 128, 129, 130, 131, 133, 134, 135], "excluded_lines": []}, "UserManagementService.grant_trial_subscription": {"executed_lines": [], "summary": {"covered_lines": 0, "num_statements": 12, "percent_covered": 0.0, "percent_covered_display": "0", "missing_lines": 12, "excluded_lines": 0}, "missing_lines": [140, 141, 142, 143, 144, 145, 146, 147, 148, 150, 151, 152], "excluded_lines": []}, "UserManagementService.change_user_group": {"executed_lines": [], "summary": {"covered_lines": 0, "num_statements": 9, "percent_covered": 0.0, "percent_covered_display": "0", "missing_lines": 9, "excluded_lines": 0}, "missing_lines": [157, 158, 159, 160, 161, 162, 164, 165, 166], "excluded_lines": []}, "UserManagementService.change_user_email": {"executed_lines": [], "summary": {"covered_lines": 0, "num_statements": 13, "percent_covered": 0.0, "percent_covered_display": "0", "missing_lines": 13, "excluded_lines": 0}, "missing_lines": [179, 181, 184, 185, 187, 188, 189, 190, 191, 192, 194, 195, 196], "excluded_lines": []}, "UserManagementService.change_user_telegram_id": {"executed_lines": [], "summary": {"covered_lines": 0, "num_statements": 20, "percent_covered": 0.0, "percent_covered_display": "0", "missing_lines": 20, "excluded_lines": 0}, "missing_lines": [201, 202, 205, 209, 210, 213, 214, 216, 219, 220, 223, 224, 225, 227, 228, 229, 230, 232, 233, 234], "excluded_lines": []}, "UserManagementService.change_user_id": {"executed_lines": [], "summary": {"covered_lines": 0, "num_statements": 35, "percent_covered": 0.0, "percent_covered_display": "0", "missing_lines": 35, "excluded_lines": 0}, "missing_lines": [239, 241, 242, 243, 245, 249, 250, 253, 255, 257, 259, 261, 268, 276, 284, 292, 300, 308, 316, 324, 332, 340, 348, 357, 369, 371, 374, 376, 377, 378, 379, 381, 382, 384, 387], "excluded_lines": []}, "UserManagementService.set_user_role": {"executed_lines": [], "summary": {"covered_lines": 0, "num_statements": 16, "percent_covered": 0.0, "percent_covered_display": "0", "missing_lines": 16, "excluded_lines": 0}, "missing_lines": [392, 393, 394, 395, 396, 397, 398, 400, 401, 402, 403, 404, 405, 407, 408, 409], "excluded_lines": []}, "UserManagementService.delete_user": {"executed_lines": [], "summary": {"covered_lines": 0, "num_statements": 9, "percent_covered": 0.0, "percent_covered_display": "0", "missing_lines": 9, "excluded_lines": 0}, "missing_lines": [414, 415, 416, 417, 418, 419, 421, 422, 423], "excluded_lines": []}, "UserManagementService.get_users_count": {"executed_lines": [], "summary": {"covered_lines": 0, "num_statements": 1, "percent_covered": 0.0, "percent_covered_display": "0", "missing_lines": 1, "excluded_lines": 0}, "missing_lines": [428], "excluded_lines": []}, "UserManagementService.get_users_count_by_role": {"executed_lines": [], "summary": {"covered_lines": 0, "num_statements": 5, "percent_covered": 0.0, "percent_covered_display": "0", "missing_lines": 5, "excluded_lines": 0}, "missing_lines": [433, 434, 435, 436, 437], "excluded_lines": []}, "UserManagementService.search_users": {"executed_lines": [], "summary": {"covered_lines": 0, "num_statements": 2, "percent_covered": 0.0, "percent_covered_display": "0", "missing_lines": 2, "excluded_lines": 0}, "missing_lines": [449, 450], "excluded_lines": []}, "GroupManagementService.get_all_groups": {"executed_lines": [], "summary": {"covered_lines": 0, "num_statements": 4, "percent_covered": 0.0, "percent_covered_display": "0", "missing_lines": 4, "excluded_lines": 0}, "missing_lines": [468, 469, 470, 471], "excluded_lines": []}, "GroupManagementService.get_group_by_id": {"executed_lines": [], "summary": {"covered_lines": 0, "num_statements": 1, "percent_covered": 0.0, "percent_covered_display": "0", "missing_lines": 1, "excluded_lines": 0}, "missing_lines": [476], "excluded_lines": []}, "GroupManagementService.create_group": {"executed_lines": [], "summary": {"covered_lines": 0, "num_statements": 12, "percent_covered": 0.0, "percent_covered_display": "0", "missing_lines": 12, "excluded_lines": 0}, "missing_lines": [481, 482, 483, 484, 485, 486, 487, 488, 489, 491, 492, 493], "excluded_lines": []}, "GroupManagementService.update_group": {"executed_lines": [], "summary": {"covered_lines": 0, "num_statements": 14, "percent_covered": 0.0, "percent_covered_display": "0", "missing_lines": 14, "excluded_lines": 0}, "missing_lines": [498, 499, 500, 501, 502, 503, 504, 505, 506, 507, 508, 510, 511, 512], "excluded_lines": []}, "": {"executed_lines": [1, 2, 4, 5, 8, 9, 11, 12, 16, 17, 21, 22, 26, 27, 40, 41, 57, 58, 62, 63, 84, 85, 96, 97, 105, 106, 121, 122, 137, 138, 154, 155, 168, 169, 198, 199, 236, 237, 389, 390, 411, 412, 425, 426, 430, 431, 446, 447, 462, 463, 465, 466, 473, 474, 478, 479, 495, 496], "summary": {"covered_lines": 56, "num_statements": 56, "percent_covered": 100.0, "percent_covered_display": "100", "missing_lines": 0, "excluded_lines": 0}, "missing_lines": [], "excluded_lines": []}}, "classes": {"UserManagementService": {"executed_lines": [24, 29, 30, 31, 38, 43, 44, 45, 55], "summary": {"covered_lines": 9, "num_statements": 174, "percent_covered": 5.172413793103448, "percent_covered_display": "5", "missing_lines": 165, "excluded_lines": 0}, "missing_lines": [14, 19, 32, 46, 48, 60, 66, 71, 72, 77, 78, 87, 88, 91, 92, 94, 99, 100, 101, 102, 103, 108, 109, 110, 111, 112, 113, 114, 115, 117, 118, 119, 124, 125, 126, 127, 128, 129, 130, 131, 133, 134, 135, 140, 141, 142, 143, 144, 145, 146, 147, 148, 150, 151, 152, 157, 158, 159, 160, 161, 162, 164, 165, 166, 179, 181, 184, 185, 187, 188, 189, 190, 191, 192, 194, 195, 196, 201, 202, 205, 209, 210, 213, 214, 216, 219, 220, 223, 224, 225, 227, 228, 229, 230, 232, 233, 234, 239, 241, 242, 243, 245, 249, 250, 253, 255, 257, 259, 261, 268, 276, 284, 292, 300, 308, 316, 324, 332, 340, 348, 357, 369, 371, 374, 376, 377, 378, 379, 381, 382, 384, 387, 392, 393, 394, 395, 396, 397, 398, 400, 401, 402, 403, 404, 405, 407, 408, 409, 414, 415, 416, 417, 418, 419, 421, 422, 423, 428, 433, 434, 435, 436, 437, 449, 450], "excluded_lines": []}, "GroupManagementService": {"executed_lines": [], "summary": {"covered_lines": 0, "num_statements": 31, "percent_covered": 0.0, "percent_covered_display": "0", "missing_lines": 31, "excluded_lines": 0}, "missing_lines": [468, 469, 470, 471, 476, 481, 482, 483, 484, 485, 486, 487, 488, 489, 491, 492, 493, 498, 499, 500, 501, 502, 503, 504, 505, 506, 507, 508, 510, 511, 512], "excluded_lines": []}, "": {"executed_lines": [1, 2, 4, 5, 8, 9, 11, 12, 16, 17, 21, 22, 26, 27, 40, 41, 57, 58, 62, 63, 84, 85, 96, 97, 105, 106, 121, 122, 137, 138, 154, 155, 168, 169, 198, 199, 236, 237, 389, 390, 411, 412, 425, 426, 430, 431, 446, 447, 462, 463, 465, 466, 473, 474, 478, 479, 495, 496], "summary": {"covered_lines": 56, "num_statements": 56, "percent_covered": 100.0, "percent_covered_display": "100", "missing_lines": 0, "excluded_lines": 0}, "missing_lines": [], "excluded_lines": []}}}, "app/services/user_service.py": {"executed_lines": [1, 2, 3, 4, 6, 7, 9, 10, 22, 25, 26, 28, 29, 67, 68, 105, 106, 130, 131, 174, 175, 197, 198, 233, 234, 270, 271, 291, 292, 325, 326, 349, 350, 377, 378], "summary": {"covered_lines": 34, "num_statements": 262, "percent_covered": 12.977099236641221, "percent_covered_display": "13", "missing_lines": 228, "excluded_lines": 0}, "missing_lines": [38, 39, 42, 43, 44, 46, 47, 56, 57, 58, 61, 62, 63, 64, 65, 72, 73, 74, 75, 76, 77, 80, 81, 82, 83, 84, 87, 88, 89, 90, 91, 92, 95, 96, 99, 100, 101, 102, 103, 108, 109, 110, 111, 112, 113, 114, 115, 116, 117, 118, 121, 122, 123, 124, 125, 126, 127, 128, 133, 134, 135, 138, 141, 144, 145, 148, 151, 154, 155, 158, 161, 162, 165, 166, 169, 170, 177, 178, 179, 180, 181, 184, 185, 186, 189, 190, 191, 194, 195, 202, 203, 204, 205, 206, 207, 208, 209, 210, 211, 212, 215, 220, 221, 222, 225, 226, 227, 230, 231, 241, 242, 243, 244, 245, 246, 247, 248, 249, 250, 251, 252, 253, 254, 255, 256, 257, 259, 260, 261, 262, 263, 264, 267, 268, 273, 274, 275, 276, 277, 278, 279, 280, 283, 284, 285, 288, 289, 294, 295, 296, 297, 298, 299, 300, 301, 302, 304, 307, 308, 311, 312, 313, 314, 317, 318, 319, 322, 323, 328, 329, 330, 331, 332, 333, 334, 335, 338, 339, 340, 341, 342, 343, 344, 345, 346, 347, 354, 355, 356, 357, 358, 359, 360, 361, 362, 363, 364, 365, 369, 370, 371, 372, 373, 374, 375, 382, 383, 384, 385, 386, 387, 388, 389, 390, 391, 392, 393, 394, 395, 396, 401, 402, 403, 404, 405, 406, 407, 408], "excluded_lines": [], "functions": {"UserService.create_user": {"executed_lines": [], "summary": {"covered_lines": 0, "num_statements": 15, "percent_covered": 0.0, "percent_covered_display": "0", "missing_lines": 15, "excluded_lines": 0}, "missing_lines": [38, 39, 42, 43, 44, 46, 47, 56, 57, 58, 61, 62, 63, 64, 65], "excluded_lines": []}, "UserService.update_user": {"executed_lines": [], "summary": {"covered_lines": 0, "num_statements": 24, "percent_covered": 0.0, "percent_covered_display": "0", "missing_lines": 24, "excluded_lines": 0}, "missing_lines": [72, 73, 74, 75, 76, 77, 80, 81, 82, 83, 84, 87, 88, 89, 90, 91, 92, 95, 96, 99, 100, 101, 102, 103], "excluded_lines": []}, "UserService.delete_user": {"executed_lines": [], "summary": {"covered_lines": 0, "num_statements": 19, "percent_covered": 0.0, "percent_covered_display": "0", "missing_lines": 19, "excluded_lines": 0}, "missing_lines": [108, 109, 110, 111, 112, 113, 114, 115, 116, 117, 118, 121, 122, 123, 124, 125, 126, 127, 128], "excluded_lines": []}, "UserService._delete_user_related_data": {"executed_lines": [], "summary": {"covered_lines": 0, "num_statements": 18, "percent_covered": 0.0, "percent_covered_display": "0", "missing_lines": 18, "excluded_lines": 0}, "missing_lines": [133, 134, 135, 138, 141, 144, 145, 148, 151, 154, 155, 158, 161, 162, 165, 166, 169, 170], "excluded_lines": []}, "UserService.reset_user_password": {"executed_lines": [], "summary": {"covered_lines": 0, "num_statements": 13, "percent_covered": 0.0, "percent_covered_display": "0", "missing_lines": 13, "excluded_lines": 0}, "missing_lines": [177, 178, 179, 180, 181, 184, 185, 186, 189, 190, 191, 194, 195], "excluded_lines": []}, "UserService.change_user_group": {"executed_lines": [], "summary": {"covered_lines": 0, "num_statements": 20, "percent_covered": 0.0, "percent_covered_display": "0", "missing_lines": 20, "excluded_lines": 0}, "missing_lines": [202, 203, 204, 205, 206, 207, 208, 209, 210, 211, 212, 215, 220, 221, 222, 225, 226, 227, 230, 231], "excluded_lines": []}, "UserService.change_user_status": {"executed_lines": [], "summary": {"covered_lines": 0, "num_statements": 25, "percent_covered": 0.0, "percent_covered_display": "0", "missing_lines": 25, "excluded_lines": 0}, "missing_lines": [241, 242, 243, 244, 245, 246, 247, 248, 249, 250, 251, 252, 253, 254, 255, 256, 257, 259, 260, 261, 262, 263, 264, 267, 268], "excluded_lines": []}, "UserService.toggle_admin_mode": {"executed_lines": [], "summary": {"covered_lines": 0, "num_statements": 13, "percent_covered": 0.0, "percent_covered_display": "0", "missing_lines": 13, "excluded_lines": 0}, "missing_lines": [273, 274, 275, 276, 277, 278, 279, 280, 283, 284, 285, 288, 289], "excluded_lines": []}, "UserService.toggle_subscription": {"executed_lines": [], "summary": {"covered_lines": 0, "num_statements": 21, "percent_covered": 0.0, "percent_covered_display": "0", "missing_lines": 21, "excluded_lines": 0}, "missing_lines": [294, 295, 296, 297, 298, 299, 300, 301, 302, 304, 307, 308, 311, 312, 313, 314, 317, 318, 319, 322, 323], "excluded_lines": []}, "UserService.mass_delete_users": {"executed_lines": [], "summary": {"covered_lines": 0, "num_statements": 18, "percent_covered": 0.0, "percent_covered_display": "0", "missing_lines": 18, "excluded_lines": 0}, "missing_lines": [328, 329, 330, 331, 332, 333, 334, 335, 338, 339, 340, 341, 342, 343, 344, 345, 346, 347], "excluded_lines": []}, "UserService.mass_change_group": {"executed_lines": [], "summary": {"covered_lines": 0, "num_statements": 19, "percent_covered": 0.0, "percent_covered_display": "0", "missing_lines": 19, "excluded_lines": 0}, "missing_lines": [354, 355, 356, 357, 358, 359, 360, 361, 362, 363, 364, 365, 369, 370, 371, 372, 373, 374, 375], "excluded_lines": []}, "UserService.mass_change_status": {"executed_lines": [], "summary": {"covered_lines": 0, "num_statements": 23, "percent_covered": 0.0, "percent_covered_display": "0", "missing_lines": 23, "excluded_lines": 0}, "missing_lines": [382, 383, 384, 385, 386, 387, 388, 389, 390, 391, 392, 393, 394, 395, 396, 401, 402, 403, 404, 405, 406, 407, 408], "excluded_lines": []}, "": {"executed_lines": [1, 2, 3, 4, 6, 7, 9, 10, 22, 25, 26, 28, 29, 67, 68, 105, 106, 130, 131, 174, 175, 197, 198, 233, 234, 270, 271, 291, 292, 325, 326, 349, 350, 377, 378], "summary": {"covered_lines": 34, "num_statements": 34, "percent_covered": 100.0, "percent_covered_display": "100", "missing_lines": 0, "excluded_lines": 0}, "missing_lines": [], "excluded_lines": []}}, "classes": {"UserService": {"executed_lines": [], "summary": {"covered_lines": 0, "num_statements": 228, "percent_covered": 0.0, "percent_covered_display": "0", "missing_lines": 228, "excluded_lines": 0}, "missing_lines": [38, 39, 42, 43, 44, 46, 47, 56, 57, 58, 61, 62, 63, 64, 65, 72, 73, 74, 75, 76, 77, 80, 81, 82, 83, 84, 87, 88, 89, 90, 91, 92, 95, 96, 99, 100, 101, 102, 103, 108, 109, 110, 111, 112, 113, 114, 115, 116, 117, 118, 121, 122, 123, 124, 125, 126, 127, 128, 133, 134, 135, 138, 141, 144, 145, 148, 151, 154, 155, 158, 161, 162, 165, 166, 169, 170, 177, 178, 179, 180, 181, 184, 185, 186, 189, 190, 191, 194, 195, 202, 203, 204, 205, 206, 207, 208, 209, 210, 211, 212, 215, 220, 221, 222, 225, 226, 227, 230, 231, 241, 242, 243, 244, 245, 246, 247, 248, 249, 250, 251, 252, 253, 254, 255, 256, 257, 259, 260, 261, 262, 263, 264, 267, 268, 273, 274, 275, 276, 277, 278, 279, 280, 283, 284, 285, 288, 289, 294, 295, 296, 297, 298, 299, 300, 301, 302, 304, 307, 308, 311, 312, 313, 314, 317, 318, 319, 322, 323, 328, 329, 330, 331, 332, 333, 334, 335, 338, 339, 340, 341, 342, 343, 344, 345, 346, 347, 354, 355, 356, 357, 358, 359, 360, 361, 362, 363, 364, 365, 369, 370, 371, 372, 373, 374, 375, 382, 383, 384, 385, 386, 387, 388, 389, 390, 391, 392, 393, 394, 395, 396, 401, 402, 403, 404, 405, 406, 407, 408], "excluded_lines": []}, "": {"executed_lines": [1, 2, 3, 4, 6, 7, 9, 10, 22, 25, 26, 28, 29, 67, 68, 105, 106, 130, 131, 174, 175, 197, 198, 233, 234, 270, 271, 291, 292, 325, 326, 349, 350, 377, 378], "summary": {"covered_lines": 34, "num_statements": 34, "percent_covered": 100.0, "percent_covered_display": "100", "missing_lines": 0, "excluded_lines": 0}, "missing_lines": [], "excluded_lines": []}}}, "app/utils/email_service.py": {"executed_lines": [1, 3, 4, 6, 8, 11, 12, 16, 17, 43, 44, 244, 245, 446, 447], "summary": {"covered_lines": 14, "num_statements": 73, "percent_covered": 19.17808219178082, "percent_covered_display": "19", "missing_lines": 59, "excluded_lines": 0}, "missing_lines": [26, 27, 29, 30, 31, 32, 33, 35, 36, 37, 38, 39, 40, 41, 53, 54, 55, 59, 215, 223, 229, 230, 231, 234, 236, 239, 240, 241, 242, 254, 255, 256, 260, 415, 423, 429, 430, 431, 434, 436, 439, 440, 441, 444, 456, 457, 458, 462, 616, 624, 630, 631, 632, 635, 637, 640, 641, 642, 645], "excluded_lines": [], "functions": {"EmailService.send_email_with_timeout": {"executed_lines": [], "summary": {"covered_lines": 0, "num_statements": 14, "percent_covered": 0.0, "percent_covered_display": "0", "missing_lines": 14, "excluded_lines": 0}, "missing_lines": [26, 27, 29, 30, 31, 32, 33, 35, 36, 37, 38, 39, 40, 41], "excluded_lines": []}, "EmailService.send_verification_email": {"executed_lines": [], "summary": {"covered_lines": 0, "num_statements": 15, "percent_covered": 0.0, "percent_covered_display": "0", "missing_lines": 15, "excluded_lines": 0}, "missing_lines": [53, 54, 55, 59, 215, 223, 229, 230, 231, 234, 236, 239, 240, 241, 242], "excluded_lines": []}, "EmailService.send_resend_verification_email": {"executed_lines": [], "summary": {"covered_lines": 0, "num_statements": 15, "percent_covered": 0.0, "percent_covered_display": "0", "missing_lines": 15, "excluded_lines": 0}, "missing_lines": [254, 255, 256, 260, 415, 423, 429, 430, 431, 434, 436, 439, 440, 441, 444], "excluded_lines": []}, "EmailService.send_password_reset_email": {"executed_lines": [], "summary": {"covered_lines": 0, "num_statements": 15, "percent_covered": 0.0, "percent_covered_display": "0", "missing_lines": 15, "excluded_lines": 0}, "missing_lines": [456, 457, 458, 462, 616, 624, 630, 631, 632, 635, 637, 640, 641, 642, 645], "excluded_lines": []}, "": {"executed_lines": [1, 3, 4, 6, 8, 11, 12, 16, 17, 43, 44, 244, 245, 446, 447], "summary": {"covered_lines": 14, "num_statements": 14, "percent_covered": 100.0, "percent_covered_display": "100", "missing_lines": 0, "excluded_lines": 0}, "missing_lines": [], "excluded_lines": []}}, "classes": {"EmailService": {"executed_lines": [], "summary": {"covered_lines": 0, "num_statements": 59, "percent_covered": 0.0, "percent_covered_display": "0", "missing_lines": 59, "excluded_lines": 0}, "missing_lines": [26, 27, 29, 30, 31, 32, 33, 35, 36, 37, 38, 39, 40, 41, 53, 54, 55, 59, 215, 223, 229, 230, 231, 234, 236, 239, 240, 241, 242, 254, 255, 256, 260, 415, 423, 429, 430, 431, 434, 436, 439, 440, 441, 444, 456, 457, 458, 462, 616, 624, 630, 631, 632, 635, 637, 640, 641, 642, 645], "excluded_lines": []}, "": {"executed_lines": [1, 3, 4, 6, 8, 11, 12, 16, 17, 43, 44, 244, 245, 446, 447], "summary": {"covered_lines": 14, "num_statements": 14, "percent_covered": 100.0, "percent_covered_display": "100", "missing_lines": 0, "excluded_lines": 0}, "missing_lines": [], "excluded_lines": []}}}, "app/utils/email_validator.py": {"executed_lines": [1, 2, 4, 47, 48, 51, 80, 84, 87, 88, 91, 95, 98, 101, 102, 104, 107, 113, 116, 119, 123, 124, 126, 129, 133, 134, 137, 140, 141, 142, 145, 146, 147, 149, 150, 151, 154, 157, 160, 164, 165, 166], "summary": {"covered_lines": 42, "num_statements": 56, "percent_covered": 75.0, "percent_covered_display": "75", "missing_lines": 14, "excluded_lines": 0}, "missing_lines": [85, 89, 92, 96, 105, 108, 114, 117, 120, 127, 130, 135, 155, 161], "excluded_lines": [], "functions": {"validate_email_chars": {"executed_lines": [84, 87, 88, 91, 95, 98, 101, 102, 104, 107, 113, 116, 119, 123, 124, 126, 129, 133, 134, 137], "summary": {"covered_lines": 20, "num_statements": 32, "percent_covered": 62.5, "percent_covered_display": "62", "missing_lines": 12, "excluded_lines": 0}, "missing_lines": [85, 89, 92, 96, 105, 108, 114, 117, 120, 127, 130, 135], "excluded_lines": []}, "is_allowed_email_domain": {"executed_lines": [141, 142, 145, 146, 147, 149, 150, 151, 154, 157], "summary": {"covered_lines": 10, "num_statements": 11, "percent_covered": 90.9090909090909, "percent_covered_display": "91", "missing_lines": 1, "excluded_lines": 0}, "missing_lines": [155], "excluded_lines": []}, "get_allowed_domains_list": {"executed_lines": [], "summary": {"covered_lines": 0, "num_statements": 1, "percent_covered": 0.0, "percent_covered_display": "0", "missing_lines": 1, "excluded_lines": 0}, "missing_lines": [161], "excluded_lines": []}, "get_allowed_domains_display": {"executed_lines": [165, 166], "summary": {"covered_lines": 2, "num_statements": 2, "percent_covered": 100.0, "percent_covered_display": "100", "missing_lines": 0, "excluded_lines": 0}, "missing_lines": [], "excluded_lines": []}, "": {"executed_lines": [1, 2, 4, 47, 48, 51, 80, 140, 160, 164], "summary": {"covered_lines": 10, "num_statements": 10, "percent_covered": 100.0, "percent_covered_display": "100", "missing_lines": 0, "excluded_lines": 0}, "missing_lines": [], "excluded_lines": []}}, "classes": {"": {"executed_lines": [1, 2, 4, 47, 48, 51, 80, 84, 87, 88, 91, 95, 98, 101, 102, 104, 107, 113, 116, 119, 123, 124, 126, 129, 133, 134, 137, 140, 141, 142, 145, 146, 147, 149, 150, 151, 154, 157, 160, 164, 165, 166], "summary": {"covered_lines": 42, "num_statements": 56, "percent_covered": 75.0, "percent_covered_display": "75", "missing_lines": 14, "excluded_lines": 0}, "missing_lines": [85, 89, 92, 96, 105, 108, 114, 117, 120, 127, 130, 135, 155, 161], "excluded_lines": []}}}, "app/utils/file_storage.py": {"executed_lines": [1, 2, 3, 4, 6, 8, 11, 20, 21, 22, 23, 24, 29, 30, 31, 32, 34, 35, 50, 51, 60, 61, 73, 74, 96, 97, 155, 156, 168, 169, 185, 186, 211, 212, 225, 226, 234, 235, 241, 242, 243, 244, 251, 252, 253, 259, 260, 263, 264, 265, 269, 270, 272, 273, 284, 285, 286, 288, 289, 290, 291, 292, 293, 294, 295, 297, 298, 308, 309], "summary": {"covered_lines": 69, "num_statements": 247, "percent_covered": 27.93522267206478, "percent_covered_display": "28", "missing_lines": 178, "excluded_lines": 0}, "missing_lines": [12, 13, 14, 15, 16, 17, 38, 39, 40, 41, 42, 43, 44, 45, 48, 52, 53, 54, 55, 56, 57, 58, 62, 63, 64, 65, 66, 67, 68, 69, 70, 71, 75, 78, 79, 80, 81, 82, 83, 84, 85, 86, 87, 88, 89, 90, 91, 92, 93, 94, 98, 99, 100, 103, 104, 105, 106, 107, 108, 109, 110, 115, 118, 121, 122, 123, 124, 127, 128, 131, 132, 133, 134, 135, 138, 139, 143, 146, 147, 148, 149, 150, 152, 153, 157, 158, 159, 160, 161, 162, 163, 164, 165, 166, 170, 171, 174, 175, 176, 177, 178, 179, 180, 183, 187, 188, 191, 192, 193, 194, 195, 196, 197, 198, 199, 200, 201, 202, 203, 204, 205, 206, 209, 213, 214, 215, 216, 217, 218, 219, 220, 221, 223, 227, 228, 229, 230, 231, 232, 236, 237, 238, 239, 245, 246, 247, 248, 249, 261, 266, 267, 268, 274, 275, 276, 277, 278, 279, 280, 281, 282, 287, 299, 300, 301, 302, 303, 304, 305, 306, 310, 311, 312, 313, 314, 315, 316, 317], "excluded_lines": [], "functions": {"safe_path_join": {"executed_lines": [], "summary": {"covered_lines": 0, "num_statements": 6, "percent_covered": 0.0, "percent_covered_display": "0", "missing_lines": 6, "excluded_lines": 0}, "missing_lines": [12, 13, 14, 15, 16, 17], "excluded_lines": []}, "FileStorageManager.get_subject_upload_path": {"executed_lines": [], "summary": {"covered_lines": 0, "num_statements": 9, "percent_covered": 0.0, "percent_covered_display": "0", "missing_lines": 9, "excluded_lines": 0}, "missing_lines": [38, 39, 40, 41, 42, 43, 44, 45, 48], "excluded_lines": []}, "FileStorageManager.get_material_upload_path": {"executed_lines": [], "summary": {"covered_lines": 0, "num_statements": 7, "percent_covered": 0.0, "percent_covered_display": "0", "missing_lines": 7, "excluded_lines": 0}, "missing_lines": [52, 53, 54, 55, 56, 57, 58], "excluded_lines": []}, "FileStorageManager.get_chat_file_path": {"executed_lines": [], "summary": {"covered_lines": 0, "num_statements": 10, "percent_covered": 0.0, "percent_covered_display": "0", "missing_lines": 10, "excluded_lines": 0}, "missing_lines": [62, 63, 64, 65, 66, 67, 68, 69, 70, 71], "excluded_lines": []}, "FileStorageManager.get_ticket_file_path": {"executed_lines": [], "summary": {"covered_lines": 0, "num_statements": 18, "percent_covered": 0.0, "percent_covered_display": "0", "missing_lines": 18, "excluded_lines": 0}, "missing_lines": [75, 78, 79, 80, 81, 82, 83, 84, 85, 86, 87, 88, 89, 90, 91, 92, 93, 94], "excluded_lines": []}, "FileStorageManager.save_file": {"executed_lines": [], "summary": {"covered_lines": 0, "num_statements": 34, "percent_covered": 0.0, "percent_covered_display": "0", "missing_lines": 34, "excluded_lines": 0}, "missing_lines": [98, 99, 100, 103, 104, 105, 106, 107, 108, 109, 110, 115, 118, 121, 122, 123, 124, 127, 128, 131, 132, 133, 134, 135, 138, 139, 143, 146, 147, 148, 149, 150, 152, 153], "excluded_lines": []}, "FileStorageManager.delete_file": {"executed_lines": [], "summary": {"covered_lines": 0, "num_statements": 10, "percent_covered": 0.0, "percent_covered_display": "0", "missing_lines": 10, "excluded_lines": 0}, "missing_lines": [157, 158, 159, 160, 161, 162, 163, 164, 165, 166], "excluded_lines": []}, "FileStorageManager.delete_ticket_files": {"executed_lines": [], "summary": {"covered_lines": 0, "num_statements": 10, "percent_covered": 0.0, "percent_covered_display": "0", "missing_lines": 10, "excluded_lines": 0}, "missing_lines": [170, 171, 174, 175, 176, 177, 178, 179, 180, 183], "excluded_lines": []}, "FileStorageManager.delete_user_files": {"executed_lines": [], "summary": {"covered_lines": 0, "num_statements": 19, "percent_covered": 0.0, "percent_covered_display": "0"
[...]
 311, 312, 313, 316, 317, 318, 319, 320, 321, 327, 328, 329, 330, 331, 332, 333, 334, 335, 337, 340, 341, 342, 343, 344, 345, 347, 348, 350, 351, 352, 353, 358, 359, 360, 361, 370, 371, 372, 373, 387, 388, 390, 391, 392, 393, 394, 395, 396, 397, 398, 401, 402, 403, 404, 410, 411, 412, 413, 414, 415, 418, 419, 420, 421, 422, 423, 424, 425, 430, 431, 432, 433, 434, 437, 441, 444, 447, 448, 449, 450, 451, 453, 456, 457, 458, 461, 462, 468, 469, 470, 471, 472, 473, 474, 475, 476, 477, 478, 479, 480, 485, 486, 487, 488, 489, 492, 496, 499, 502, 503, 504, 506, 509, 510, 513, 514, 515, 516, 518, 521, 522, 523, 526, 527, 533, 534, 535, 536, 537, 538, 544, 545, 546, 547, 548, 549, 550, 552, 553, 559, 560, 561, 562, 563, 564, 567, 568, 569, 570, 571, 572, 573, 574, 575, 577, 578, 584, 585, 586, 587, 588, 589, 590, 591, 592, 595, 596, 597, 598, 599, 600, 601, 602, 603, 605, 606, 612, 613, 614, 615, 616, 617, 618, 621, 622, 623, 624, 625, 626, 627, 628, 629, 630, 631, 634, 635, 636, 637, 638, 639, 640, 641, 644, 645, 646, 647, 841, 846, 851, 856, 861, 866, 871, 876, 891, 893, 895, 896, 897, 913, 914, 915, 916, 917, 918, 920, 921, 959, 961, 963, 964, 965, 966, 968, 969, 970, 971, 972, 973, 974, 977, 978, 979, 980, 981, 982, 987, 988, 989, 990, 991, 992, 993, 994, 995, 996, 999, 1000, 1001, 1002, 1003, 1004, 1005, 1006, 1007, 1008, 1013, 1014, 1015, 1016, 1017, 1018, 1019, 1020, 1021, 1022, 1023, 1026, 1027, 1028, 1029, 1030, 1031, 1032, 1033, 1034, 1035, 1038, 1039, 1040, 1041, 1042, 1043, 1045, 1046, 1047, 1048, 1049, 1050, 1051, 1052, 1063, 1066, 1068, 1069, 1070, 1071, 1072, 1073, 1074, 1075, 1076, 1077, 1078, 1080, 1091, 1094, 1095, 1096, 1097, 1103, 1105, 1107, 1108, 1109, 1110, 1111, 1112, 1113, 1114, 1116, 1117, 1118, 1119, 1120, 1121, 1122, 1123, 1124, 1125, 1126, 1127, 1128, 1129, 1130, 1132, 1145, 1148, 1157, 1159, 1160, 1162, 1163, 1164, 1169, 1171, 1172, 1173, 1174, 1175, 1176, 1177, 1178, 1179, 1180, 1181, 1182, 1183, 1186, 1187, 1188, 1189, 1190, 1191, 1193, 1194, 1195, 1197, 1198, 1199, 1200, 1201, 1202, 1203, 1204, 1205, 1206, 1207, 1209, 1221, 1222, 1223, 1224, 1230, 1232, 1235, 1236, 1237, 1239, 1240, 1241, 1242, 1243, 1244, 1246, 1247, 1248, 1254, 1257, 1258, 1259, 1260, 1263, 1269, 1271, 1272, 1273, 1276, 1277, 1279, 1283, 1284, 1288, 1291, 1292, 1293, 1294, 1295, 1297, 1299, 1301, 1304, 1309, 1310, 1311, 1314, 1315, 1318, 1323, 1324, 1326, 1329, 1331, 1332, 1336], "excluded_lines": []}}}, "app/views/payment.py": {"executed_lines": [1, 3, 14, 16, 17, 18, 19, 21, 24, 25, 26, 96, 97, 128, 129, 130, 291, 292, 293, 310, 311, 312, 329, 330, 331], "summary": {"covered_lines": 25, "num_statements": 202, "percent_covered": 12.376237623762377, "percent_covered_display": "12", "missing_lines": 177, "excluded_lines": 0}, "missing_lines": [27, 30, 31, 32, 33, 34, 35, 36, 37, 38, 39, 40, 41, 42, 43, 46, 47, 48, 49, 50, 51, 52, 55, 58, 61, 62, 65, 67, 68, 69, 75, 76, 77, 79, 80, 84, 87, 88, 98, 99, 100, 101, 102, 103, 104, 105, 106, 107, 108, 109, 110, 113, 114, 115, 119, 122, 123, 124, 125, 131, 132, 133, 134, 135, 136, 137, 138, 139, 142, 143, 144, 145, 146, 147, 150, 153, 154, 157, 161, 162, 163, 164, 165, 166, 169, 170, 175, 176, 177, 179, 180, 181, 185, 186, 187, 188, 192, 193, 194, 195, 196, 199, 200, 203, 206, 207, 210, 211, 213, 214, 218, 219, 220, 221, 222, 223, 224, 225, 226, 227, 228, 231, 234, 235, 236, 241, 242, 247, 251, 252, 253, 254, 255, 260, 261, 265, 266, 267, 271, 272, 273, 274, 275, 276, 281, 284, 288, 294, 295, 298, 299, 300, 301, 303, 305, 306, 307, 313, 314, 315, 316, 317, 318, 319, 320, 322, 323, 324, 325, 326, 332, 333, 334, 335, 336, 337, 338], "excluded_lines": [], "functions": {"subscription": {"executed_lines": [], "summary": {"covered_lines": 0, "num_statements": 38, "percent_covered": 0.0, "percent_covered_display": "0", "missing_lines": 38, "excluded_lines": 0}, "missing_lines": [27, 30, 31, 32, 33, 34, 35, 36, 37, 38, 39, 40, 41, 42, 43, 46, 47, 48, 49, 50, 51, 52, 55, 58, 61, 62, 65, 67, 68, 69, 75, 76, 77, 79, 80, 84, 87, 88], "excluded_lines": []}, "payment_webhook": {"executed_lines": [], "summary": {"covered_lines": 0, "num_statements": 21, "percent_covered": 0.0, "percent_covered_display": "0", "missing_lines": 21, "excluded_lines": 0}, "missing_lines": [98, 99, 100, 101, 102, 103, 104, 105, 106, 107, 108, 109, 110, 113, 114, 115, 119, 122, 123, 124, 125], "excluded_lines": []}, "payment_success": {"executed_lines": [], "summary": {"covered_lines": 0, "num_statements": 88, "percent_covered": 0.0, "percent_covered_display": "0", "missing_lines": 88, "excluded_lines": 0}, "missing_lines": [131, 132, 133, 134, 135, 136, 137, 138, 139, 142, 143, 144, 145, 146, 147, 150, 153, 154, 157, 161, 162, 163, 164, 165, 166, 169, 170, 175, 176, 177, 179, 180, 181, 185, 186, 187, 188, 192, 193, 194, 195, 196, 199, 200, 203, 206, 207, 210, 211, 213, 214, 218, 219, 220, 221, 222, 223, 224, 225, 226, 227, 228, 231, 234, 235, 236, 241, 242, 247, 251, 252, 253, 254, 255, 260, 261, 265, 266, 267, 271, 272, 273, 274, 275, 276, 281, 284, 288], "excluded_lines": []}, "payment_cancel": {"executed_lines": [], "summary": {"covered_lines": 0, "num_statements": 10, "percent_covered": 0.0, "percent_covered_display": "0", "missing_lines": 10, "excluded_lines": 0}, "missing_lines": [294, 295, 298, 299, 300, 301, 303, 305, 306, 307], "excluded_lines": []}, "payment_status": {"executed_lines": [], "summary": {"covered_lines": 0, "num_statements": 13, "percent_covered": 0.0, "percent_covered_display": "0", "missing_lines": 13, "excluded_lines": 0}, "missing_lines": [313, 314, 315, 316, 317, 318, 319, 320, 322, 323, 324, 325, 326], "excluded_lines": []}, "api_payment_status": {"executed_lines": [], "summary": {"covered_lines": 0, "num_statements": 7, "percent_covered": 0.0, "percent_covered_display": "0", "missing_lines": 7, "excluded_lines": 0}, "missing_lines": [332, 333, 334, 335, 336, 337, 338], "excluded_lines": []}, "": {"executed_lines": [1, 3, 14, 16, 17, 18, 19, 21, 24, 25, 26, 96, 97, 128, 129, 130, 291, 292, 293, 310, 311, 312, 329, 330, 331], "summary": {"covered_lines": 25, "num_statements": 25, "percent_covered": 100.0, "percent_covered_display": "100", "missing_lines": 0, "excluded_lines": 0}, "missing_lines": [], "excluded_lines": []}}, "classes": {"": {"executed_lines": [1, 3, 14, 16, 17, 18, 19, 21, 24, 25, 26, 96, 97, 128, 129, 130, 291, 292, 293, 310, 311, 312, 329, 330, 331], "summary": {"covered_lines": 25, "num_statements": 202, "percent_covered": 12.376237623762377, "percent_covered_display": "12", "missing_lines": 177, "excluded_lines": 0}, "missing_lines": [27, 30, 31, 32, 33, 34, 35, 36, 37, 38, 39, 40, 41, 42, 43, 46, 47, 48, 49, 50, 51, 52, 55, 58, 61, 62, 65, 67, 68, 69, 75, 76, 77, 79, 80, 84, 87, 88, 98, 99, 100, 101, 102, 103, 104, 105, 106, 107, 108, 109, 110, 113, 114, 115, 119, 122, 123, 124, 125, 131, 132, 133, 134, 135, 136, 137, 138, 139, 142, 143, 144, 145, 146, 147, 150, 153, 154, 157, 161, 162, 163, 164, 165, 166, 169, 170, 175, 176, 177, 179, 180, 181, 185, 186, 187, 188, 192, 193, 194, 195, 196, 199, 200, 203, 206, 207, 210, 211, 213, 214, 218, 219, 220, 221, 222, 223, 224, 225, 226, 227, 228, 231, 234, 235, 236, 241, 242, 247, 251, 252, 253, 254, 255, 260, 261, 265, 266, 267, 271, 272, 273, 274, 275, 276, 281, 284, 288, 294, 295, 298, 299, 300, 301, 303, 305, 306, 307, 313, 314, 315, 316, 317, 318, 319, 320, 322, 323, 324, 325, 326, 332, 333, 334, 335, 336, 337, 338], "excluded_lines": []}}}, "app/views/telegram_auth.py": {"executed_lines": [1, 2, 3, 4, 5, 6, 8, 19, 20, 22, 23, 24, 26, 27, 28, 31, 66, 67, 282, 283, 287, 288, 289, 320, 321, 322, 335, 336, 337, 364, 365, 366], "summary": {"covered_lines": 32, "num_statements": 254, "percent_covered": 12.598425196850394, "percent_covered_display": "13", "missing_lines": 222, "excluded_lines": 0}, "missing_lines": [32, 33, 34, 35, 36, 37, 38, 39, 40, 41, 42, 43, 44, 45, 46, 47, 48, 49, 50, 51, 52, 53, 54, 55, 56, 57, 58, 61, 62, 63, 68, 69, 70, 71, 72, 76, 77, 78, 79, 80, 81, 82, 86, 90, 91, 92, 93, 94, 95, 96, 102, 103, 104, 105, 106, 107, 108, 109, 111, 112, 114, 115, 120, 121, 122, 123, 125, 126, 127, 129, 131, 132, 136, 139, 140, 141, 142, 143, 144, 147, 155, 156, 157, 158, 159, 160, 161, 162, 163, 165, 166, 171, 172, 173, 174, 177, 178, 182, 183, 184, 185, 194, 195, 199, 200, 201, 207, 211, 212, 213, 214, 215, 216, 217, 218, 219, 220, 221, 222, 223, 225, 227, 228, 229, 235, 237, 239, 240, 244, 247, 248, 249, 250, 251, 252, 255, 263, 264, 265, 266, 267, 268, 269, 270, 272, 273, 274, 277, 278, 279, 284, 290, 291, 292, 293, 294, 295, 296, 297, 298, 299, 300, 301, 305, 306, 312, 313, 314, 315, 316, 317, 323, 324, 325, 326, 327, 329, 330, 331, 332, 338, 339, 343, 344, 345, 346, 347, 348, 349, 350, 351, 352, 353, 354, 355, 357, 359, 360, 361, 367, 368, 374, 375, 376, 377, 383, 384, 385, 391, 392, 394, 395, 396, 401, 402, 403, 412, 413, 414, 420, 421, 422], "excluded_lines": [], "functions": {"verify_telegram_auth": {"executed_lines": [], "summary": {"covered_lines": 0, "num_statements": 30, "percent_covered": 0.0, "percent_covered_display": "0", "missing_lines": 30, "excluded_lines": 0}, "missing_lines": [32, 33, 34, 35, 36, 37, 38, 39, 40, 41, 42, 43, 44, 45, 46, 47, 48, 49, 50, 51, 52, 53, 54, 55, 56, 57, 58, 61, 62, 63], "excluded_lines": []}, "telegram_login": {"executed_lines": [], "summary": {"covered_lines": 0, "num_statements": 120, "percent_covered": 0.0, "percent_covered_display": "0", "missing_lines": 120, "excluded_lines": 0}, "missing_lines": [68, 69, 70, 71, 72, 76, 77, 78, 79, 80, 81, 82, 86, 90, 91, 92, 93, 94, 95, 96, 102, 103, 104, 105, 106, 107, 108, 109, 111, 112, 114, 115, 120, 121, 122, 123, 125, 126, 127, 129, 131, 132, 136, 139, 140, 141, 142, 143, 144, 147, 155, 156, 157, 158, 159, 160, 161, 162, 163, 165, 166, 171, 172, 173, 174, 177, 178, 182, 183, 184, 185, 194, 195, 199, 200, 201, 207, 211, 212, 213, 214, 215, 216, 217, 218, 219, 220, 221, 222, 223, 225, 227, 228, 229, 235, 237, 239, 240, 244, 247, 248, 249, 250, 251, 252, 255, 263, 264, 265, 266, 267, 268, 269, 270, 272, 273, 274, 277, 278, 279], "excluded_lines": []}, "telegram_miniapp": {"executed_lines": [], "summary": {"covered_lines": 0, "num_statements": 1, "percent_covered": 0.0, "percent_covered_display": "0", "missing_lines": 1, "excluded_lines": 0}, "missing_lines": [284], "excluded_lines": []}, "connect_telegram": {"executed_lines": [], "summary": {"covered_lines": 0, "num_statements": 20, "percent_covered": 0.0, "percent_covered_display": "0", "missing_lines": 20, "excluded_lines": 0}, "missing_lines": [290, 291, 292, 293, 294, 295, 296, 297, 298, 299, 300, 301, 305, 306, 312, 313, 314, 315, 316, 317], "excluded_lines": []}, "disconnect_telegram": {"executed_lines": [], "summary": {"covered_lines": 0, "num_statements": 9, "percent_covered": 0.0, "percent_covered_display": "0", "missing_lines": 9, "excluded_lines": 0}, "missing_lines": [323, 324, 325, 326, 327, 329, 330, 331, 332], "excluded_lines": []}, "select_group": {"executed_lines": [], "summary": {"covered_lines": 0, "num_statements": 19, "percent_covered": 0.0, "percent_covered_display": "0", "missing_lines": 19, "excluded_lines": 0}, "missing_lines": [338, 339, 343, 344, 345, 346, 347, 348, 349, 350, 351, 352, 353, 354, 355, 357, 359, 360, 361], "excluded_lines": []}, "request_group": {"executed_lines": [], "summary": {"covered_lines": 0, "num_statements": 23, "percent_covered": 0.0, "percent_covered_display": "0", "missing_lines": 23, "excluded_lines": 0}, "missing_lines": [367, 368, 374, 375, 376, 377, 383, 384, 385, 391, 392, 394, 395, 396, 401, 402, 403, 412, 413, 414, 420, 421, 422], "excluded_lines": []}, "": {"executed_lines": [1, 2, 3, 4, 5, 6, 8, 19, 20, 22, 23, 24, 26, 27, 28, 31, 66, 67, 282, 283, 287, 288, 289, 320, 321, 322, 335, 336, 337, 364, 365, 366], "summary": {"covered_lines": 32, "num_statements": 32, "percent_covered": 100.0, "percent_covered_display": "100", "missing_lines": 0, "excluded_lines": 0}, "missing_lines": [], "excluded_lines": []}}, "classes": {"": {"executed_lines": [1, 2, 3, 4, 5, 6, 8, 19, 20, 22, 23, 24, 26, 27, 28, 31, 66, 67, 282, 283, 287, 288, 289, 320, 321, 322, 335, 336, 337, 364, 365, 366], "summary": {"covered_lines": 32, "num_statements": 254, "percent_covered": 12.598425196850394, "percent_covered_display": "13", "missing_lines": 222, "excluded_lines": 0}, "missing_lines": [32, 33, 34, 35, 36, 37, 38, 39, 40, 41, 42, 43, 44, 45, 46, 47, 48, 49, 50, 51, 52, 53, 54, 55, 56, 57, 58, 61, 62, 63, 68, 69, 70, 71, 72, 76, 77, 78, 79, 80, 81, 82, 86, 90, 91, 92, 93, 94, 95, 96, 102, 103, 104, 105, 106, 107, 108, 109, 111, 112, 114, 115, 120, 121, 122, 123, 125, 126, 127, 129, 131, 132, 136, 139, 140, 141, 142, 143, 144, 147, 155, 156, 157, 158, 159, 160, 161, 162, 163, 165, 166, 171, 172, 173, 174, 177, 178, 182, 183, 184, 185, 194, 195, 199, 200, 201, 207, 211, 212, 213, 214, 215, 216, 217, 218, 219, 220, 221, 222, 223, 225, 227, 228, 229, 235, 237, 239, 240, 244, 247, 248, 249, 250, 251, 252, 255, 263, 264, 265, 266, 267, 268, 269, 270, 272, 273, 274, 277, 278, 279, 284, 290, 291, 292, 293, 294, 295, 296, 297, 298, 299, 300, 301, 305, 306, 312, 313, 314, 315, 316, 317, 323, 324, 325, 326, 327, 329, 330, 331, 332, 338, 339, 343, 344, 345, 346, 347, 348, 349, 350, 351, 352, 353, 354, 355, 357, 359, 360, 361, 367, 368, 374, 375, 376, 377, 383, 384, 385, 391, 392, 394, 395, 396, 401, 402, 403, 412, 413, 414, 420, 421, 422], "excluded_lines": []}}}, "app/views/tickets.py": {"executed_lines": [1, 2, 4, 15, 17, 18, 19, 20, 22, 25, 26, 27, 43, 44, 45, 53, 54, 55, 69, 70, 71, 84, 85, 86, 99, 100, 101, 122, 123, 124, 182, 185, 186, 212, 213, 214, 237, 238, 239, 343, 344, 345], "summary": {"covered_lines": 42, "num_statements": 212, "percent_covered": 19.81132075471698, "percent_covered_display": "20", "missing_lines": 170, "excluded_lines": 0}, "missing_lines": [28, 29, 35, 40, 46, 47, 48, 49, 50, 56, 57, 58, 61, 62, 63, 65, 66, 72, 73, 74, 77, 78, 80, 81, 87, 88, 89, 92, 93, 95, 96, 102, 103, 104, 105, 106, 107, 110, 111, 119, 125, 126, 127, 128, 129, 130, 136, 137, 138, 139, 140, 146, 147, 148, 151, 152, 159, 160, 161, 176, 177, 178, 179, 187, 188, 189, 190, 191, 192, 193, 194, 195, 201, 202, 203, 204, 206, 207, 208, 209, 215, 216, 217, 218, 219, 220, 221, 231, 232, 233, 234, 240, 241, 242, 243, 247, 248, 249, 250, 253, 254, 255, 256, 262, 263, 264, 265, 266, 267, 268, 274, 275, 276, 277, 279, 280, 281, 282, 283, 290, 291, 292, 293, 294, 295, 296, 297, 298, 299, 311, 316, 317, 318, 320, 321, 322, 323, 326, 327, 328, 335, 336, 337, 338, 339, 340, 346, 347, 348, 349, 352, 353, 354, 355, 356, 357, 358, 359, 362, 363, 364, 365, 366, 367, 368, 371, 378, 379, 380, 381], "excluded_lines": [], "functions": {"tickets": {"executed_lines": [], "summary": {"covered_lines": 0, "num_statements": 4, "percent_covered": 0.0, "percent_covered_display": "0", "missing_lines": 4, "excluded_lines": 0}, "missing_lines": [28, 29, 35, 40], "excluded_lines": []}, "ticket_detail": {"executed_lines": [], "summary": {"covered_lines": 0, "num_statements": 5, "percent_covered": 0.0, "percent_covered_display": "0", "missing_lines": 5, "excluded_lines": 0}, "missing_lines": [46, 47, 48, 49, 50], "excluded_lines": []}, "accept_ticket": {"executed_lines": [], "summary": {"covered_lines": 0, "num_statements": 8, "percent_covered": 0.0, "percent_covered_display": "0", "missing_lines": 8, "excluded_lines": 0}, "missing_lines": [56, 57, 58, 61, 62, 63, 65, 66], "excluded_lines": []}, "reject_ticket": {"executed_lines": [], "summary": {"covered_lines": 0, "num_statements": 7, "percent_covered": 0.0, "percent_covered_display": "0", "missing_lines": 7, "excluded_lines": 0}, "missing_lines": [72, 73, 74, 77, 78, 80, 81], "excluded_lines": []}, "close_ticket": {"executed_lines": [], "summary": {"covered_lines": 0, "num_statements": 7, "percent_covered": 0.0, "percent_covered_display": "0", "missing_lines": 7, "excluded_lines": 0}, "missing_lines": [87, 88, 89, 92, 93, 95, 96], "excluded_lines": []}, "create_ticket": {"executed_lines": [], "summary": {"covered_lines": 0, "num_statements": 9, "percent_covered": 0.0, "percent_covered_display": "0", "missing_lines": 9, "excluded_lines": 0}, "missing_lines": [102, 103, 104, 105, 106, 107, 110, 111, 119], "excluded_lines": []}, "upload_ticket_file": {"executed_lines": [], "summary": {"covered_lines": 0, "num_statements": 23, "percent_covered": 0.0, "percent_covered_display": "0", "missing_lines": 23, "excluded_lines": 0}, "missing_lines": [125, 126, 127, 128, 129, 130, 136, 137, 138, 139, 140, 146, 147, 148, 151, 152, 159, 160, 161, 176, 177, 178, 179], "excluded_lines": []}, "delete_ticket_file": {"executed_lines": [], "summary": {"covered_lines": 0, "num_statements": 17, "percent_covered": 0.0, "percent_covered_display": "0", "missing_lines": 17, "excluded_lines": 0}, "missing_lines": [187, 188, 189, 190, 191, 192, 193, 194, 195, 201, 202, 203, 204, 206, 207, 208, 209], "excluded_lines": []}, "get_ticket_files": {"executed_lines": [], "summary": {"covered_lines": 0, "num_statements": 11, "percent_covered": 0.0, "percent_covered_display": "0", "missing_lines": 11, "excluded_lines": 0}, "missing_lines": [215, 216, 217, 218, 219, 220, 221, 231, 232, 233, 234], "excluded_lines": []}, "ticket_response": {"executed_lines": [], "summary": {"covered_lines": 0, "num_statements": 55, "percent_covered": 0.0, "percent_covered_display": "0", "missing_lines": 55, "excluded_lines": 0}, "missing_lines": [240, 241, 242, 243, 247, 248, 249, 250, 253, 254, 255, 256, 262, 263, 264, 265, 266, 267, 268, 274, 275, 276, 277, 279, 280, 281, 282, 283, 290, 291, 292, 293, 294, 295, 296, 297, 298, 299, 311, 316, 317, 318, 320, 321, 322, 323, 326, 327, 328, 335, 336, 337, 338, 339, 340], "excluded_lines": []}, "delete_all_closed_tickets": {"executed_lines": [], "summary": {"covered_lines": 0, "num_statements": 24, "percent_covered": 0.0, "percent_covered_display": "0", "missing_lines": 24, "excluded_lines": 0}, "missing_lines": [346, 347, 348, 349, 352, 353, 354, 355, 356, 357, 358, 359, 362, 363, 364, 365, 366, 367, 368, 371, 378, 379, 380, 381], "excluded_lines": []}, "": {"executed_lines": [1, 2, 4, 15, 17, 18, 19, 20, 22, 25, 26, 27, 43, 44, 45, 53, 54, 55, 69, 70, 71, 84, 85, 86, 99, 100, 101, 122, 123, 124, 182, 185, 186, 212, 213, 214, 237, 238, 239, 343, 344, 345], "summary": {"covered_lines": 42, "num_statements": 42, "percent_covered": 100.0, "percent_covered_display": "100", "missing_lines": 0, "excluded_lines": 0}, "missing_lines": [], "excluded_lines": []}}, "classes": {"": {"executed_lines": [1, 2, 4, 15, 17, 18, 19, 20, 22, 25, 26, 27, 43, 44, 45, 53, 54, 55, 69, 70, 71, 84, 85, 86, 99, 100, 101, 122, 123, 124, 182, 185, 186, 212, 213, 214, 237, 238, 239, 343, 344, 345], "summary": {"covered_lines": 42, "num_statements": 212, "percent_covered": 19.81132075471698, "percent_covered_display": "20", "missing_lines": 170, "excluded_lines": 0}, "missing_lines": [28, 29, 35, 40, 46, 47, 48, 49, 50, 56, 57, 58, 61, 62, 63, 65, 66, 72, 73, 74, 77, 78, 80, 81, 87, 88, 89, 92, 93, 95, 96, 102, 103, 104, 105, 106, 107, 110, 111, 119, 125, 126, 127, 128, 129, 130, 136, 137, 138, 139, 140, 146, 147, 148, 151, 152, 159, 160, 161, 176, 177, 178, 179, 187, 188, 189, 190, 191, 192, 193, 194, 195, 201, 202, 203, 204, 206, 207, 208, 209, 215, 216, 217, 218, 219, 220, 221, 231, 232, 233, 234, 240, 241, 242, 243, 247, 248, 249, 250, 253, 254, 255, 256, 262, 263, 264, 265, 266, 267, 268, 274, 275, 276, 277, 279, 280, 281, 282, 283, 290, 291, 292, 293, 294, 295, 296, 297, 298, 299, 311, 316, 317, 318, 320, 321, 322, 323, 326, 327, 328, 335, 336, 337, 338, 339, 340, 346, 347, 348, 349, 352, 353, 354, 355, 356, 357, 358, 359, 362, 363, 364, 365, 366, 367, 368, 371, 378, 379, 380, 381], "excluded_lines": []}}}}, "totals": {"covered_lines": 1448, "num_statements": 4663, "percent_covered": 31.05297019086425, "percent_covered_display": "31", "missing_lines": 3215, "excluded_lines": 0}}